{"C:\\Users\\Ayelen\\Documents\\grupo-02\\frontend\\proyecto\\src\\App.js": {"path":"C:\\Users\\Ayelen\\Documents\\grupo-02\\frontend\\proyecto\\src\\App.js","statementMap":{"0":{"start":{"line":9,"column":2},"end":{"line":22,"column":4}}},"fnMap":{"0":{"name":"App","decl":{"start":{"line":8,"column":9},"end":{"line":8,"column":12}},"loc":{"start":{"line":8,"column":15},"end":{"line":23,"column":1}},"line":8}},"branchMap":{},"s":{"0":2},"f":{"0":2},"b":{},"_coverageSchema":"1a1c01bbd47fc00a2c39e90264f33305004495a9","hash":"e467888bc62b742ac2f1fd794dfe9476288810a9"}
,"C:\\Users\\Ayelen\\Documents\\grupo-02\\frontend\\proyecto\\src\\credentials.js": {"path":"C:\\Users\\Ayelen\\Documents\\grupo-02\\frontend\\proyecto\\src\\credentials.js","statementMap":{},"fnMap":{},"branchMap":{},"s":{},"f":{},"b":{},"_coverageSchema":"1a1c01bbd47fc00a2c39e90264f33305004495a9","hash":"28005238e819f1a8368975c6f9b964be686dcb9d"}
,"C:\\Users\\Ayelen\\Documents\\grupo-02\\frontend\\proyecto\\src\\components\\Producto.jsx": {"path":"C:\\Users\\Ayelen\\Documents\\grupo-02\\frontend\\proyecto\\src\\components\\Producto.jsx","statementMap":{"0":{"start":{"line":11,"column":17},"end":{"line":17,"column":3}},"1":{"start":{"line":18,"column":20},"end":{"line":18,"column":66}},"2":{"start":{"line":19,"column":17},"end":{"line":25,"column":3}},"3":{"start":{"line":26,"column":31},"end":{"line":26,"column":53}},"4":{"start":{"line":27,"column":23},"end":{"line":27,"column":87}},"5":{"start":{"line":27,"column":27},"end":{"line":27,"column":87}},"6":{"start":{"line":28,"column":2},"end":{"line":46,"column":4}},"7":{"start":{"line":32,"column":46},"end":{"line":35,"column":27}}},"fnMap":{"0":{"name":"Producto","decl":{"start":{"line":10,"column":16},"end":{"line":10,"column":24}},"loc":{"start":{"line":10,"column":27},"end":{"line":47,"column":1}},"line":10},"1":{"name":"(anonymous_1)","decl":{"start":{"line":27,"column":23},"end":{"line":27,"column":24}},"loc":{"start":{"line":27,"column":27},"end":{"line":27,"column":87}},"line":27},"2":{"name":"(anonymous_2)","decl":{"start":{"line":32,"column":34},"end":{"line":32,"column":35}},"loc":{"start":{"line":32,"column":46},"end":{"line":35,"column":27}},"line":32}},"branchMap":{"0":{"loc":{"start":{"line":27,"column":39},"end":{"line":27,"column":86}},"type":"cond-expr","locations":[{"start":{"line":27,"column":63},"end":{"line":27,"column":73}},{"start":{"line":27,"column":74},"end":{"line":27,"column":86}}],"line":27}},"s":{"0":32,"1":32,"2":32,"3":32,"4":32,"5":0,"6":32,"7":160},"f":{"0":32,"1":0,"2":160},"b":{"0":[0,0]},"_coverageSchema":"1a1c01bbd47fc00a2c39e90264f33305004495a9","hash":"50de6ce4e34e2d51c277a0a05d55157030e9641a"}
,"C:\\Users\\Ayelen\\Documents\\grupo-02\\frontend\\proyecto\\src\\components\\atoms\\Avatar\\Avatar.jsx": {"path":"C:\\Users\\Ayelen\\Documents\\grupo-02\\frontend\\proyecto\\src\\components\\atoms\\Avatar\\Avatar.jsx","statementMap":{"0":{"start":{"line":6,"column":22},"end":{"line":17,"column":1}},"1":{"start":{"line":8,"column":27},"end":{"line":10,"column":6}},"2":{"start":{"line":11,"column":15},"end":{"line":11,"column":86}},"3":{"start":{"line":12,"column":2},"end":{"line":16,"column":3}},"4":{"start":{"line":19,"column":0},"end":{"line":24,"column":1}},"5":{"start":{"line":25,"column":0},"end":{"line":27,"column":1}}},"fnMap":{"0":{"name":"(anonymous_0)","decl":{"start":{"line":6,"column":22},"end":{"line":6,"column":23}},"loc":{"start":{"line":6,"column":56},"end":{"line":17,"column":1}},"line":6}},"branchMap":{},"s":{"0":5,"1":0,"2":0,"3":0,"4":5,"5":5},"f":{"0":0},"b":{},"_coverageSchema":"1a1c01bbd47fc00a2c39e90264f33305004495a9","hash":"23054d47331f5ee56cfe0f2492687db2af6b8b8a"}
,"C:\\Users\\Ayelen\\Documents\\grupo-02\\frontend\\proyecto\\src\\components\\atoms\\Button\\Button.jsx": {"path":"C:\\Users\\Ayelen\\Documents\\grupo-02\\frontend\\proyecto\\src\\components\\atoms\\Button\\Button.jsx","statementMap":{"0":{"start":{"line":8,"column":22},"end":{"line":19,"column":1}},"1":{"start":{"line":9,"column":27},"end":{"line":13,"column":6}},"2":{"start":{"line":14,"column":2},"end":{"line":18,"column":3}},"3":{"start":{"line":21,"column":0},"end":{"line":27,"column":1}},"4":{"start":{"line":28,"column":0},"end":{"line":34,"column":1}}},"fnMap":{"0":{"name":"(anonymous_0)","decl":{"start":{"line":8,"column":22},"end":{"line":8,"column":23}},"loc":{"start":{"line":8,"column":61},"end":{"line":19,"column":1}},"line":8},"1":{"name":"(anonymous_1)","decl":{"start":{"line":32,"column":12},"end":{"line":32,"column":13}},"loc":{"start":{"line":32,"column":16},"end":{"line":32,"column":18}},"line":32}},"branchMap":{},"s":{"0":5,"1":560,"2":560,"3":5,"4":5},"f":{"0":560,"1":4},"b":{},"_coverageSchema":"1a1c01bbd47fc00a2c39e90264f33305004495a9","hash":"cd183b7705049720d0f5ef3fd4249deda809437b"}
,"C:\\Users\\Ayelen\\Documents\\grupo-02\\frontend\\proyecto\\src\\components\\atoms\\Heading\\Heading.jsx": {"path":"C:\\Users\\Ayelen\\Documents\\grupo-02\\frontend\\proyecto\\src\\components\\atoms\\Heading\\Heading.jsx","statementMap":{"0":{"start":{"line":5,"column":21},"end":{"line":16,"column":1}},"1":{"start":{"line":8,"column":28},"end":{"line":12,"column":6}},"2":{"start":{"line":13,"column":4},"end":{"line":15,"column":106}},"3":{"start":{"line":19,"column":0},"end":{"line":24,"column":1}},"4":{"start":{"line":26,"column":0},"end":{"line":29,"column":1}}},"fnMap":{"0":{"name":"(anonymous_0)","decl":{"start":{"line":5,"column":21},"end":{"line":5,"column":22}},"loc":{"start":{"line":7,"column":0},"end":{"line":16,"column":1}},"line":7}},"branchMap":{"0":{"loc":{"start":{"line":13,"column":12},"end":{"line":15,"column":105}},"type":"cond-expr","locations":[{"start":{"line":13,"column":25},"end":{"line":13,"column":75}},{"start":{"line":13,"column":76},"end":{"line":15,"column":105}}],"line":13},"1":{"loc":{"start":{"line":13,"column":76},"end":{"line":15,"column":105}},"type":"cond-expr","locations":[{"start":{"line":14,"column":4},"end":{"line":14,"column":54}},{"start":{"line":14,"column":55},"end":{"line":15,"column":105}}],"line":13},"2":{"loc":{"start":{"line":14,"column":55},"end":{"line":15,"column":105}},"type":"cond-expr","locations":[{"start":{"line":15,"column":4},"end":{"line":15,"column":54}},{"start":{"line":15,"column":55},"end":{"line":15,"column":105}}],"line":14}},"s":{"0":5,"1":768,"2":768,"3":5,"4":5},"f":{"0":768},"b":{"0":[134,634],"1":[366,268],"2":[172,96]},"_coverageSchema":"1a1c01bbd47fc00a2c39e90264f33305004495a9","hash":"705920c443d307bbe9a51f1ab481f7b8be32dac9"}
,"C:\\Users\\Ayelen\\Documents\\grupo-02\\frontend\\proyecto\\src\\components\\atoms\\Icon\\Icon.jsx": {"path":"C:\\Users\\Ayelen\\Documents\\grupo-02\\frontend\\proyecto\\src\\components\\atoms\\Icon\\Icon.jsx","statementMap":{"0":{"start":{"line":5,"column":20},"end":{"line":13,"column":1}},"1":{"start":{"line":7,"column":4},"end":{"line":12,"column":5}},"2":{"start":{"line":15,"column":0},"end":{"line":18,"column":1}},"3":{"start":{"line":19,"column":0},"end":{"line":21,"column":1}}},"fnMap":{"0":{"name":"(anonymous_0)","decl":{"start":{"line":5,"column":20},"end":{"line":5,"column":21}},"loc":{"start":{"line":5,"column":46},"end":{"line":13,"column":1}},"line":5},"1":{"name":"(anonymous_1)","decl":{"start":{"line":20,"column":12},"end":{"line":20,"column":13}},"loc":{"start":{"line":20,"column":16},"end":{"line":20,"column":18}},"line":20}},"branchMap":{},"s":{"0":5,"1":1553,"2":5,"3":5},"f":{"0":1553,"1":0},"b":{},"_coverageSchema":"1a1c01bbd47fc00a2c39e90264f33305004495a9","hash":"d6feb332eefa4f835ed00b6fe480b813dcfcb371"}
,"C:\\Users\\Ayelen\\Documents\\grupo-02\\frontend\\proyecto\\src\\components\\atoms\\Icon\\helpers.js": {"path":"C:\\Users\\Ayelen\\Documents\\grupo-02\\frontend\\proyecto\\src\\components\\atoms\\Icon\\helpers.js","statementMap":{"0":{"start":{"line":44,"column":18},"end":{"line":87,"column":1}},"1":{"start":{"line":88,"column":27},"end":{"line":88,"column":49}},"2":{"start":{"line":89,"column":16},"end":{"line":94,"column":1}},"3":{"start":{"line":95,"column":23},"end":{"line":95,"column":48}},"4":{"start":{"line":95,"column":33},"end":{"line":95,"column":48}},"5":{"start":{"line":96,"column":24},"end":{"line":96,"column":49}},"6":{"start":{"line":96,"column":34},"end":{"line":96,"column":49}}},"fnMap":{"0":{"name":"(anonymous_0)","decl":{"start":{"line":95,"column":23},"end":{"line":95,"column":24}},"loc":{"start":{"line":95,"column":33},"end":{"line":95,"column":48}},"line":95},"1":{"name":"(anonymous_1)","decl":{"start":{"line":96,"column":24},"end":{"line":96,"column":25}},"loc":{"start":{"line":96,"column":34},"end":{"line":96,"column":49}},"line":96}},"branchMap":{},"s":{"0":5,"1":5,"2":5,"3":5,"4":1553,"5":5,"6":3106},"f":{"0":1553,"1":3106},"b":{},"_coverageSchema":"1a1c01bbd47fc00a2c39e90264f33305004495a9","hash":"ea1a51a274cbdde5bbbb039405719e7c2cb6d174"}
,"C:\\Users\\Ayelen\\Documents\\grupo-02\\frontend\\proyecto\\src\\components\\atoms\\Input\\Input.jsx": {"path":"C:\\Users\\Ayelen\\Documents\\grupo-02\\frontend\\proyecto\\src\\components\\atoms\\Input\\Input.jsx","statementMap":{"0":{"start":{"line":5,"column":22},"end":{"line":18,"column":1}},"1":{"start":{"line":7,"column":26},"end":{"line":11,"column":6}},"2":{"start":{"line":13,"column":4},"end":{"line":17,"column":5}},"3":{"start":{"line":20,"column":0},"end":{"line":28,"column":1}},"4":{"start":{"line":29,"column":0},"end":{"line":34,"column":1}}},"fnMap":{"0":{"name":"(anonymous_0)","decl":{"start":{"line":5,"column":22},"end":{"line":5,"column":23}},"loc":{"start":{"line":5,"column":97},"end":{"line":18,"column":1}},"line":5}},"branchMap":{"0":{"loc":{"start":{"line":15,"column":17},"end":{"line":15,"column":64}},"type":"binary-expr","locations":[{"start":{"line":15,"column":17},"end":{"line":15,"column":26}},{"start":{"line":15,"column":28},"end":{"line":15,"column":64}}],"line":15}},"s":{"0":5,"1":236,"2":236,"3":5,"4":5},"f":{"0":236},"b":{"0":[236,0]},"_coverageSchema":"1a1c01bbd47fc00a2c39e90264f33305004495a9","hash":"bebc66745f83865fd595481ed3dbcd74d08697e6"}
,"C:\\Users\\Ayelen\\Documents\\grupo-02\\frontend\\proyecto\\src\\components\\atoms\\Label\\Label.jsx": {"path":"C:\\Users\\Ayelen\\Documents\\grupo-02\\frontend\\proyecto\\src\\components\\atoms\\Label\\Label.jsx","statementMap":{"0":{"start":{"line":4,"column":14},"end":{"line":8,"column":1}},"1":{"start":{"line":5,"column":2},"end":{"line":7,"column":3}},"2":{"start":{"line":10,"column":0},"end":{"line":13,"column":1}}},"fnMap":{"0":{"name":"(anonymous_0)","decl":{"start":{"line":4,"column":14},"end":{"line":4,"column":15}},"loc":{"start":{"line":4,"column":30},"end":{"line":8,"column":1}},"line":4}},"branchMap":{},"s":{"0":5,"1":236,"2":5},"f":{"0":236},"b":{},"_coverageSchema":"1a1c01bbd47fc00a2c39e90264f33305004495a9","hash":"fd3d443b293d26720c754eb3d3e5d62e47b62092"}
,"C:\\Users\\Ayelen\\Documents\\grupo-02\\frontend\\proyecto\\src\\components\\atoms\\Picture\\Picture.jsx": {"path":"C:\\Users\\Ayelen\\Documents\\grupo-02\\frontend\\proyecto\\src\\components\\atoms\\Picture\\Picture.jsx","statementMap":{"0":{"start":{"line":5,"column":23},"end":{"line":9,"column":1}},"1":{"start":{"line":6,"column":4},"end":{"line":8,"column":5}},"2":{"start":{"line":11,"column":0},"end":{"line":11,"column":22}}},"fnMap":{"0":{"name":"(anonymous_0)","decl":{"start":{"line":5,"column":23},"end":{"line":5,"column":24}},"loc":{"start":{"line":5,"column":49},"end":{"line":9,"column":1}},"line":5}},"branchMap":{},"s":{"0":5,"1":172,"2":5},"f":{"0":172},"b":{},"_coverageSchema":"1a1c01bbd47fc00a2c39e90264f33305004495a9","hash":"79b885e1322d4b211293092ddee0796ba8012393"}
,"C:\\Users\\Ayelen\\Documents\\grupo-02\\frontend\\proyecto\\src\\components\\atoms\\Picture\\helpers.js": {"path":"C:\\Users\\Ayelen\\Documents\\grupo-02\\frontend\\proyecto\\src\\components\\atoms\\Picture\\helpers.js","statementMap":{"0":{"start":{"line":4,"column":17},"end":{"line":6,"column":1}},"1":{"start":{"line":7,"column":19},"end":{"line":12,"column":1}},"2":{"start":{"line":13,"column":20},"end":{"line":18,"column":1}},"3":{"start":{"line":19,"column":24},"end":{"line":19,"column":52}},"4":{"start":{"line":19,"column":35},"end":{"line":19,"column":52}},"5":{"start":{"line":20,"column":22},"end":{"line":20,"column":48}},"6":{"start":{"line":20,"column":31},"end":{"line":20,"column":48}},"7":{"start":{"line":21,"column":25},"end":{"line":21,"column":56}},"8":{"start":{"line":21,"column":37},"end":{"line":21,"column":56}}},"fnMap":{"0":{"name":"(anonymous_0)","decl":{"start":{"line":19,"column":24},"end":{"line":19,"column":25}},"loc":{"start":{"line":19,"column":35},"end":{"line":19,"column":52}},"line":19},"1":{"name":"(anonymous_1)","decl":{"start":{"line":20,"column":22},"end":{"line":20,"column":23}},"loc":{"start":{"line":20,"column":31},"end":{"line":20,"column":48}},"line":20},"2":{"name":"(anonymous_2)","decl":{"start":{"line":21,"column":25},"end":{"line":21,"column":26}},"loc":{"start":{"line":21,"column":37},"end":{"line":21,"column":56}},"line":21}},"branchMap":{},"s":{"0":5,"1":5,"2":5,"3":5,"4":172,"5":5,"6":172,"7":5,"8":172},"f":{"0":172,"1":172,"2":172},"b":{},"_coverageSchema":"1a1c01bbd47fc00a2c39e90264f33305004495a9","hash":"ab01a57c683647f0a116436e3a1dda6ede56985a"}
,"C:\\Users\\Ayelen\\Documents\\grupo-02\\frontend\\proyecto\\src\\components\\atoms\\Spacer\\SpacerHorizontal.jsx": {"path":"C:\\Users\\Ayelen\\Documents\\grupo-02\\frontend\\proyecto\\src\\components\\atoms\\Spacer\\SpacerHorizontal.jsx","statementMap":{"0":{"start":{"line":4,"column":32},"end":{"line":8,"column":1}},"1":{"start":{"line":5,"column":2},"end":{"line":7,"column":3}},"2":{"start":{"line":10,"column":0},"end":{"line":12,"column":1}}},"fnMap":{"0":{"name":"(anonymous_0)","decl":{"start":{"line":4,"column":32},"end":{"line":4,"column":33}},"loc":{"start":{"line":4,"column":46},"end":{"line":8,"column":1}},"line":4}},"branchMap":{},"s":{"0":5,"1":306,"2":5},"f":{"0":306},"b":{},"_coverageSchema":"1a1c01bbd47fc00a2c39e90264f33305004495a9","hash":"7bd1705bea3ea35c58f5ff21c9500e0476fd90f6"}
,"C:\\Users\\Ayelen\\Documents\\grupo-02\\frontend\\proyecto\\src\\components\\atoms\\Spacer\\helpers.js": {"path":"C:\\Users\\Ayelen\\Documents\\grupo-02\\frontend\\proyecto\\src\\components\\atoms\\Spacer\\helpers.js","statementMap":{"0":{"start":{"line":3,"column":19},"end":{"line":9,"column":1}},"1":{"start":{"line":11,"column":23},"end":{"line":11,"column":53}},"2":{"start":{"line":11,"column":33},"end":{"line":11,"column":53}}},"fnMap":{"0":{"name":"(anonymous_0)","decl":{"start":{"line":11,"column":23},"end":{"line":11,"column":24}},"loc":{"start":{"line":11,"column":33},"end":{"line":11,"column":53}},"line":11}},"branchMap":{},"s":{"0":5,"1":5,"2":306},"f":{"0":306},"b":{},"_coverageSchema":"1a1c01bbd47fc00a2c39e90264f33305004495a9","hash":"d8e115cc08d5898a9ec81a894cac05290161cdc9"}
,"C:\\Users\\Ayelen\\Documents\\grupo-02\\frontend\\proyecto\\src\\components\\atoms\\Span\\Span.jsx": {"path":"C:\\Users\\Ayelen\\Documents\\grupo-02\\frontend\\proyecto\\src\\components\\atoms\\Span\\Span.jsx","statementMap":{"0":{"start":{"line":6,"column":20},"end":{"line":18,"column":1}},"1":{"start":{"line":8,"column":25},"end":{"line":12,"column":2}},"2":{"start":{"line":13,"column":0},"end":{"line":17,"column":1}},"3":{"start":{"line":20,"column":0},"end":{"line":26,"column":2}},"4":{"start":{"line":28,"column":0},"end":{"line":33,"column":1}}},"fnMap":{"0":{"name":"(anonymous_0)","decl":{"start":{"line":6,"column":20},"end":{"line":6,"column":21}},"loc":{"start":{"line":6,"column":59},"end":{"line":18,"column":1}},"line":6},"1":{"name":"(anonymous_1)","decl":{"start":{"line":32,"column":12},"end":{"line":32,"column":13}},"loc":{"start":{"line":32,"column":16},"end":{"line":32,"column":18}},"line":32}},"branchMap":{},"s":{"0":5,"1":0,"2":0,"3":5,"4":5},"f":{"0":0,"1":0},"b":{},"_coverageSchema":"1a1c01bbd47fc00a2c39e90264f33305004495a9","hash":"af7e12c9e81b5171769465de522417696731e88f"}
,"C:\\Users\\Ayelen\\Documents\\grupo-02\\frontend\\proyecto\\src\\components\\atoms\\paragraph\\Paragraph.jsx": {"path":"C:\\Users\\Ayelen\\Documents\\grupo-02\\frontend\\proyecto\\src\\components\\atoms\\paragraph\\Paragraph.jsx","statementMap":{"0":{"start":{"line":6,"column":25},"end":{"line":17,"column":1}},"1":{"start":{"line":8,"column":30},"end":{"line":11,"column":2}},"2":{"start":{"line":12,"column":0},"end":{"line":16,"column":1}},"3":{"start":{"line":19,"column":0},"end":{"line":24,"column":2}},"4":{"start":{"line":26,"column":0},"end":{"line":30,"column":1}}},"fnMap":{"0":{"name":"(anonymous_0)","decl":{"start":{"line":6,"column":25},"end":{"line":6,"column":26}},"loc":{"start":{"line":6,"column":56},"end":{"line":17,"column":1}},"line":6}},"branchMap":{},"s":{"0":5,"1":736,"2":736,"3":5,"4":5},"f":{"0":736},"b":{},"_coverageSchema":"1a1c01bbd47fc00a2c39e90264f33305004495a9","hash":"33a6ff887a69f2bbb8d822ee1196b22f09ae9e10"}
,"C:\\Users\\Ayelen\\Documents\\grupo-02\\frontend\\proyecto\\src\\components\\molecules\\CardCategory\\CardCategory.jsx": {"path":"C:\\Users\\Ayelen\\Documents\\grupo-02\\frontend\\proyecto\\src\\components\\molecules\\CardCategory\\CardCategory.jsx","statementMap":{"0":{"start":{"line":8,"column":28},"end":{"line":26,"column":1}},"1":{"start":{"line":9,"column":33},"end":{"line":11,"column":4}},"2":{"start":{"line":12,"column":2},"end":{"line":25,"column":4}},"3":{"start":{"line":27,"column":0},"end":{"line":33,"column":2}},"4":{"start":{"line":34,"column":0},"end":{"line":36,"column":2}}},"fnMap":{"0":{"name":"(anonymous_0)","decl":{"start":{"line":8,"column":28},"end":{"line":8,"column":29}},"loc":{"start":{"line":8,"column":74},"end":{"line":26,"column":1}},"line":8}},"branchMap":{},"s":{"0":4,"1":0,"2":0,"3":4,"4":4},"f":{"0":0},"b":{},"_coverageSchema":"1a1c01bbd47fc00a2c39e90264f33305004495a9","hash":"40737bd184a98ce07669006cccc9347f9c461724"}
,"C:\\Users\\Ayelen\\Documents\\grupo-02\\frontend\\proyecto\\src\\components\\molecules\\CardProduct\\CardProduct.jsx": {"path":"C:\\Users\\Ayelen\\Documents\\grupo-02\\frontend\\proyecto\\src\\components\\molecules\\CardProduct\\CardProduct.jsx","statementMap":{"0":{"start":{"line":10,"column":27},"end":{"line":92,"column":1}},"1":{"start":{"line":18,"column":2},"end":{"line":91,"column":4}}},"fnMap":{"0":{"name":"(anonymous_0)","decl":{"start":{"line":10,"column":27},"end":{"line":10,"column":28}},"loc":{"start":{"line":17,"column":6},"end":{"line":92,"column":1}},"line":17},"1":{"name":"(anonymous_1)","decl":{"start":{"line":25,"column":64},"end":{"line":25,"column":65}},"loc":{"start":{"line":25,"column":70},"end":{"line":25,"column":72}},"line":25},"2":{"name":"(anonymous_2)","decl":{"start":{"line":36,"column":50},"end":{"line":36,"column":51}},"loc":{"start":{"line":36,"column":56},"end":{"line":36,"column":58}},"line":36},"3":{"name":"(anonymous_3)","decl":{"start":{"line":37,"column":50},"end":{"line":37,"column":51}},"loc":{"start":{"line":37,"column":56},"end":{"line":37,"column":58}},"line":37},"4":{"name":"(anonymous_4)","decl":{"start":{"line":38,"column":50},"end":{"line":38,"column":51}},"loc":{"start":{"line":38,"column":56},"end":{"line":38,"column":58}},"line":38},"5":{"name":"(anonymous_5)","decl":{"start":{"line":39,"column":50},"end":{"line":39,"column":51}},"loc":{"start":{"line":39,"column":56},"end":{"line":39,"column":58}},"line":39},"6":{"name":"(anonymous_6)","decl":{"start":{"line":40,"column":50},"end":{"line":40,"column":51}},"loc":{"start":{"line":40,"column":56},"end":{"line":40,"column":58}},"line":40},"7":{"name":"(anonymous_7)","decl":{"start":{"line":57,"column":52},"end":{"line":57,"column":53}},"loc":{"start":{"line":57,"column":58},"end":{"line":57,"column":60}},"line":57},"8":{"name":"(anonymous_8)","decl":{"start":{"line":66,"column":49},"end":{"line":66,"column":50}},"loc":{"start":{"line":66,"column":55},"end":{"line":66,"column":57}},"line":66},"9":{"name":"(anonymous_9)","decl":{"start":{"line":67,"column":48},"end":{"line":67,"column":49}},"loc":{"start":{"line":67,"column":54},"end":{"line":67,"column":56}},"line":67},"10":{"name":"(anonymous_10)","decl":{"start":{"line":85,"column":21},"end":{"line":85,"column":22}},"loc":{"start":{"line":85,"column":27},"end":{"line":85,"column":29}},"line":85}},"branchMap":{},"s":{"0":4,"1":0},"f":{"0":0,"1":0,"2":0,"3":0,"4":0,"5":0,"6":0,"7":0,"8":0,"9":0,"10":0},"b":{},"_coverageSchema":"1a1c01bbd47fc00a2c39e90264f33305004495a9","hash":"92d18d2ed9dbe7aa1dc10cdf88199be9081aa069"}
,"C:\\Users\\Ayelen\\Documents\\grupo-02\\frontend\\proyecto\\src\\components\\molecules\\Carousel\\Carousel.jsx": {"path":"C:\\Users\\Ayelen\\Documents\\grupo-02\\frontend\\proyecto\\src\\components\\molecules\\Carousel\\Carousel.jsx","statementMap":{"0":{"start":{"line":10,"column":24},"end":{"line":43,"column":1}},"1":{"start":{"line":11,"column":51},"end":{"line":11,"column":85}},"2":{"start":{"line":12,"column":39},"end":{"line":12,"column":66}},"3":{"start":{"line":13,"column":4},"end":{"line":19,"column":22}},"4":{"start":{"line":15,"column":8},"end":{"line":15,"column":42}},"5":{"start":{"line":17,"column":4},"end":{"line":17,"column":52}},"6":{"start":{"line":18,"column":4},"end":{"line":18,"column":68}},"7":{"start":{"line":18,"column":17},"end":{"line":18,"column":67}},"8":{"start":{"line":21,"column":4},"end":{"line":38,"column":21}},"9":{"start":{"line":22,"column":8},"end":{"line":30,"column":9}},"10":{"start":{"line":23,"column":12},"end":{"line":23,"column":53}},"11":{"start":{"line":25,"column":13},"end":{"line":30,"column":9}},"12":{"start":{"line":26,"column":12},"end":{"line":26,"column":53}},"13":{"start":{"line":28,"column":13},"end":{"line":30,"column":9}},"14":{"start":{"line":29,"column":12},"end":{"line":29,"column":54}},"15":{"start":{"line":40,"column":2},"end":{"line":42,"column":3}}},"fnMap":{"0":{"name":"(anonymous_0)","decl":{"start":{"line":10,"column":24},"end":{"line":10,"column":25}},"loc":{"start":{"line":10,"column":30},"end":{"line":43,"column":1}},"line":10},"1":{"name":"(anonymous_1)","decl":{"start":{"line":13,"column":14},"end":{"line":13,"column":15}},"loc":{"start":{"line":13,"column":20},"end":{"line":19,"column":5}},"line":13},"2":{"name":"handleResize","decl":{"start":{"line":14,"column":13},"end":{"line":14,"column":25}},"loc":{"start":{"line":14,"column":28},"end":{"line":16,"column":5}},"line":14},"3":{"name":"(anonymous_3)","decl":{"start":{"line":18,"column":11},"end":{"line":18,"column":12}},"loc":{"start":{"line":18,"column":17},"end":{"line":18,"column":67}},"line":18},"4":{"name":"(anonymous_4)","decl":{"start":{"line":21,"column":14},"end":{"line":21,"column":15}},"loc":{"start":{"line":21,"column":20},"end":{"line":38,"column":5}},"line":21}},"branchMap":{"0":{"loc":{"start":{"line":22,"column":8},"end":{"line":30,"column":9}},"type":"if","locations":[{"start":{"line":22,"column":8},"end":{"line":30,"column":9}},{"start":{"line":25,"column":13},"end":{"line":30,"column":9}}],"line":22},"1":{"loc":{"start":{"line":25,"column":13},"end":{"line":30,"column":9}},"type":"if","locations":[{"start":{"line":25,"column":13},"end":{"line":30,"column":9}},{"start":{"line":28,"column":13},"end":{"line":30,"column":9}}],"line":25},"2":{"loc":{"start":{"line":28,"column":13},"end":{"line":30,"column":9}},"type":"if","locations":[{"start":{"line":28,"column":13},"end":{"line":30,"column":9}},{"start":{},"end":{}}],"line":28}},"s":{"0":4,"1":65,"2":64,"3":64,"4":0,"5":32,"6":32,"7":32,"8":64,"9":32,"10":0,"11":32,"12":0,"13":32,"14":32,"15":64},"f":{"0":65,"1":32,"2":0,"3":32,"4":32},"b":{"0":[0,32],"1":[0,32],"2":[32,0]},"_coverageSchema":"1a1c01bbd47fc00a2c39e90264f33305004495a9","hash":"b61f468137423dab9074788b3a67807b32433023"}
,"C:\\Users\\Ayelen\\Documents\\grupo-02\\frontend\\proyecto\\src\\components\\molecules\\Carousel\\Versions\\DesktopCarousel.jsx": {"path":"C:\\Users\\Ayelen\\Documents\\grupo-02\\frontend\\proyecto\\src\\components\\molecules\\Carousel\\Versions\\DesktopCarousel.jsx","statementMap":{"0":{"start":{"line":10,"column":31},"end":{"line":27,"column":1}},"1":{"start":{"line":11,"column":22},"end":{"line":11,"column":68}},"2":{"start":{"line":12,"column":33},"end":{"line":12,"column":56}},"3":{"start":{"line":13,"column":25},"end":{"line":13,"column":106}},"4":{"start":{"line":13,"column":29},"end":{"line":13,"column":106}},"5":{"start":{"line":13,"column":54},"end":{"line":13,"column":105}},"6":{"start":{"line":14,"column":2},"end":{"line":26,"column":3}},"7":{"start":{"line":23,"column":41},"end":{"line":23,"column":147}}},"fnMap":{"0":{"name":"(anonymous_0)","decl":{"start":{"line":10,"column":31},"end":{"line":10,"column":32}},"loc":{"start":{"line":10,"column":45},"end":{"line":27,"column":1}},"line":10},"1":{"name":"(anonymous_1)","decl":{"start":{"line":13,"column":25},"end":{"line":13,"column":26}},"loc":{"start":{"line":13,"column":29},"end":{"line":13,"column":106}},"line":13},"2":{"name":"(anonymous_2)","decl":{"start":{"line":13,"column":41},"end":{"line":13,"column":42}},"loc":{"start":{"line":13,"column":54},"end":{"line":13,"column":105}},"line":13},"3":{"name":"(anonymous_3)","decl":{"start":{"line":23,"column":29},"end":{"line":23,"column":30}},"loc":{"start":{"line":23,"column":41},"end":{"line":23,"column":147}},"line":23}},"branchMap":{"0":{"loc":{"start":{"line":13,"column":54},"end":{"line":13,"column":105}},"type":"cond-expr","locations":[{"start":{"line":13,"column":80},"end":{"line":13,"column":91}},{"start":{"line":13,"column":92},"end":{"line":13,"column":105}}],"line":13}},"s":{"0":4,"1":64,"2":64,"3":64,"4":0,"5":0,"6":64,"7":320},"f":{"0":64,"1":0,"2":0,"3":320},"b":{"0":[0,0]},"_coverageSchema":"1a1c01bbd47fc00a2c39e90264f33305004495a9","hash":"42a43d2d2ddb33ecdce98c1d141c99d0d126c52f"}
,"C:\\Users\\Ayelen\\Documents\\grupo-02\\frontend\\proyecto\\src\\components\\molecules\\Carousel\\Versions\\MobileCarousel.jsx": {"path":"C:\\Users\\Ayelen\\Documents\\grupo-02\\frontend\\proyecto\\src\\components\\molecules\\Carousel\\Versions\\MobileCarousel.jsx","statementMap":{"0":{"start":{"line":13,"column":20},"end":{"line":13,"column":66}},"1":{"start":{"line":14,"column":17},"end":{"line":24,"column":3}},"2":{"start":{"line":25,"column":31},"end":{"line":25,"column":53}},"3":{"start":{"line":26,"column":23},"end":{"line":26,"column":87}},"4":{"start":{"line":26,"column":27},"end":{"line":26,"column":87}},"5":{"start":{"line":27,"column":2},"end":{"line":45,"column":4}},"6":{"start":{"line":31,"column":46},"end":{"line":34,"column":27}}},"fnMap":{"0":{"name":"MobileCarousel","decl":{"start":{"line":11,"column":16},"end":{"line":11,"column":30}},"loc":{"start":{"line":11,"column":33},"end":{"line":46,"column":1}},"line":11},"1":{"name":"(anonymous_1)","decl":{"start":{"line":26,"column":23},"end":{"line":26,"column":24}},"loc":{"start":{"line":26,"column":27},"end":{"line":26,"column":87}},"line":26},"2":{"name":"(anonymous_2)","decl":{"start":{"line":31,"column":34},"end":{"line":31,"column":35}},"loc":{"start":{"line":31,"column":46},"end":{"line":34,"column":27}},"line":31}},"branchMap":{"0":{"loc":{"start":{"line":26,"column":39},"end":{"line":26,"column":86}},"type":"cond-expr","locations":[{"start":{"line":26,"column":63},"end":{"line":26,"column":73}},{"start":{"line":26,"column":74},"end":{"line":26,"column":86}}],"line":26}},"s":{"0":0,"1":0,"2":0,"3":0,"4":0,"5":0,"6":0},"f":{"0":0,"1":0,"2":0},"b":{"0":[0,0]},"_coverageSchema":"1a1c01bbd47fc00a2c39e90264f33305004495a9","hash":"b7ed5abcf4ddeacf3d67546f37c0920bcb9336ce"}
,"C:\\Users\\Ayelen\\Documents\\grupo-02\\frontend\\proyecto\\src\\components\\molecules\\Carousel\\Versions\\TabletCarousel.jsx": {"path":"C:\\Users\\Ayelen\\Documents\\grupo-02\\frontend\\proyecto\\src\\components\\molecules\\Carousel\\Versions\\TabletCarousel.jsx","statementMap":{"0":{"start":{"line":13,"column":20},"end":{"line":13,"column":66}},"1":{"start":{"line":14,"column":17},"end":{"line":25,"column":3}},"2":{"start":{"line":26,"column":31},"end":{"line":26,"column":53}},"3":{"start":{"line":27,"column":23},"end":{"line":27,"column":87}},"4":{"start":{"line":27,"column":27},"end":{"line":27,"column":87}},"5":{"start":{"line":28,"column":2},"end":{"line":56,"column":4}},"6":{"start":{"line":33,"column":44},"end":{"line":38,"column":27}}},"fnMap":{"0":{"name":"TabletCarousel","decl":{"start":{"line":11,"column":16},"end":{"line":11,"column":30}},"loc":{"start":{"line":11,"column":41},"end":{"line":57,"column":1}},"line":11},"1":{"name":"(anonymous_1)","decl":{"start":{"line":27,"column":23},"end":{"line":27,"column":24}},"loc":{"start":{"line":27,"column":27},"end":{"line":27,"column":87}},"line":27},"2":{"name":"(anonymous_2)","decl":{"start":{"line":33,"column":32},"end":{"line":33,"column":33}},"loc":{"start":{"line":33,"column":44},"end":{"line":38,"column":27}},"line":33}},"branchMap":{"0":{"loc":{"start":{"line":27,"column":39},"end":{"line":27,"column":86}},"type":"cond-expr","locations":[{"start":{"line":27,"column":63},"end":{"line":27,"column":73}},{"start":{"line":27,"column":74},"end":{"line":27,"column":86}}],"line":27}},"s":{"0":0,"1":0,"2":0,"3":0,"4":0,"5":0,"6":0},"f":{"0":0,"1":0,"2":0},"b":{"0":[0,0]},"_coverageSchema":"1a1c01bbd47fc00a2c39e90264f33305004495a9","hash":"3beca468fd9fee69998126397e85aaeff98b8e59"}
,"C:\\Users\\Ayelen\\Documents\\grupo-02\\frontend\\proyecto\\src\\components\\molecules\\DropCalendar\\CalendarDrop.jsx": {"path":"C:\\Users\\Ayelen\\Documents\\grupo-02\\frontend\\proyecto\\src\\components\\molecules\\DropCalendar\\CalendarDrop.jsx","statementMap":{"0":{"start":{"line":12,"column":28},"end":{"line":98,"column":1}},"1":{"start":{"line":14,"column":27},"end":{"line":14,"column":42}},"2":{"start":{"line":17,"column":36},"end":{"line":17,"column":48}},"3":{"start":{"line":18,"column":26},"end":{"line":18,"column":47}},"4":{"start":{"line":18,"column":32},"end":{"line":18,"column":47}},"5":{"start":{"line":20,"column":54},"end":{"line":24,"column":5}},"6":{"start":{"line":25,"column":42},"end":{"line":25,"column":69}},"7":{"start":{"line":26,"column":4},"end":{"line":32,"column":22}},"8":{"start":{"line":28,"column":12},"end":{"line":28,"column":46}},"9":{"start":{"line":30,"column":8},"end":{"line":30,"column":56}},"10":{"start":{"line":31,"column":8},"end":{"line":31,"column":72}},"11":{"start":{"line":31,"column":21},"end":{"line":31,"column":71}},"12":{"start":{"line":34,"column":4},"end":{"line":86,"column":32}},"13":{"start":{"line":35,"column":8},"end":{"line":84,"column":9}},"14":{"start":{"line":36,"column":12},"end":{"line":48,"column":17}},"15":{"start":{"line":47,"column":16},"end":{"line":47,"column":179}},"16":{"start":{"line":50,"column":13},"end":{"line":84,"column":9}},"17":{"start":{"line":51,"column":12},"end":{"line":65,"column":16}},"18":{"start":{"line":63,"column":20},"end":{"line":63,"column":183}},"19":{"start":{"line":66,"column":15},"end":{"line":84,"column":9}},"20":{"start":{"line":66,"column":34},"end":{"line":66,"column":38}},"21":{"start":{"line":67,"column":12},"end":{"line":83,"column":16}},"22":{"start":{"line":80,"column":24},"end":{"line":80,"column":187}},"23":{"start":{"line":88,"column":4},"end":{"line":97,"column":5}}},"fnMap":{"0":{"name":"(anonymous_0)","decl":{"start":{"line":12,"column":28},"end":{"line":12,"column":29}},"loc":{"start":{"line":12,"column":34},"end":{"line":98,"column":1}},"line":12},"1":{"name":"(anonymous_1)","decl":{"start":{"line":18,"column":26},"end":{"line":18,"column":27}},"loc":{"start":{"line":18,"column":32},"end":{"line":18,"column":47}},"line":18},"2":{"name":"(anonymous_2)","decl":{"start":{"line":26,"column":14},"end":{"line":26,"column":15}},"loc":{"start":{"line":26,"column":20},"end":{"line":32,"column":5}},"line":26},"3":{"name":"handleResize","decl":{"start":{"line":27,"column":17},"end":{"line":27,"column":29}},"loc":{"start":{"line":27,"column":32},"end":{"line":29,"column":9}},"line":27},"4":{"name":"(anonymous_4)","decl":{"start":{"line":31,"column":15},"end":{"line":31,"column":16}},"loc":{"start":{"line":31,"column":21},"end":{"line":31,"column":71}},"line":31},"5":{"name":"(anonymous_5)","decl":{"start":{"line":34,"column":14},"end":{"line":34,"column":15}},"loc":{"start":{"line":34,"column":20},"end":{"line":86,"column":5}},"line":34},"6":{"name":"(anonymous_6)","decl":{"start":{"line":46,"column":28},"end":{"line":46,"column":29}},"loc":{"start":{"line":46,"column":39},"end":{"line":48,"column":13}},"line":46},"7":{"name":"(anonymous_7)","decl":{"start":{"line":62,"column":32},"end":{"line":62,"column":33}},"loc":{"start":{"line":62,"column":43},"end":{"line":64,"column":17}},"line":62},"8":{"name":"(anonymous_8)","decl":{"start":{"line":66,"column":19},"end":{"line":66,"column":20}},"loc":{"start":{"line":66,"column":34},"end":{"line":66,"column":38}},"line":66},"9":{"name":"(anonymous_9)","decl":{"start":{"line":79,"column":33},"end":{"line":79,"column":34}},"loc":{"start":{"line":79,"column":44},"end":{"line":81,"column":21}},"line":79}},"branchMap":{"0":{"loc":{"start":{"line":35,"column":8},"end":{"line":84,"column":9}},"type":"if","locations":[{"start":{"line":35,"column":8},"end":{"line":84,"column":9}},{"start":{"line":50,"column":13},"end":{"line":84,"column":9}}],"line":35},"1":{"loc":{"start":{"line":50,"column":13},"end":{"line":84,"column":9}},"type":"if","locations":[{"start":{"line":50,"column":13},"end":{"line":84,"column":9}},{"start":{"line":66,"column":15},"end":{"line":84,"column":9}}],"line":50},"2":{"loc":{"start":{"line":50,"column":17},"end":{"line":50,"column":56}},"type":"binary-expr","locations":[{"start":{"line":50,"column":17},"end":{"line":50,"column":34}},{"start":{"line":50,"column":38},"end":{"line":50,"column":56}}],"line":50},"3":{"loc":{"start":{"line":66,"column":15},"end":{"line":84,"column":9}},"type":"if","locations":[{"start":{"line":66,"column":15},"end":{"line":84,"column":9}},{"start":{},"end":{}}],"line":66}},"s":{"0":4,"1":105,"2":105,"3":105,"4":0,"5":105,"6":105,"7":105,"8":0,"9":70,"10":70,"11":70,"12":105,"13":70,"14":0,"15":0,"16":70,"17":70,"18":0,"19":0,"20":0,"21":0,"22":0,"23":105},"f":{"0":105,"1":0,"2":70,"3":0,"4":70,"5":70,"6":0,"7":0,"8":0,"9":0},"b":{"0":[0,70],"1":[70,0],"2":[70,70],"3":[0,0]},"_coverageSchema":"1a1c01bbd47fc00a2c39e90264f33305004495a9","hash":"5b5c95c0af0cc475cf98e9be2c5032c13fe1a3bf"}
,"C:\\Users\\Ayelen\\Documents\\grupo-02\\frontend\\proyecto\\src\\components\\molecules\\InputIcon\\InputIcon.jsx": {"path":"C:\\Users\\Ayelen\\Documents\\grupo-02\\frontend\\proyecto\\src\\components\\molecules\\InputIcon\\InputIcon.jsx","statementMap":{"0":{"start":{"line":8,"column":25},"end":{"line":25,"column":1}},"1":{"start":{"line":9,"column":30},"end":{"line":12,"column":6}},"2":{"start":{"line":14,"column":4},"end":{"line":24,"column":5}},"3":{"start":{"line":26,"column":0},"end":{"line":29,"column":1}},"4":{"start":{"line":30,"column":0},"end":{"line":33,"column":1}}},"fnMap":{"0":{"name":"(anonymous_0)","decl":{"start":{"line":8,"column":25},"end":{"line":8,"column":26}},"loc":{"start":{"line":8,"column":138},"end":{"line":25,"column":1}},"line":8},"1":{"name":"(anonymous_1)","decl":{"start":{"line":31,"column":12},"end":{"line":31,"column":13}},"loc":{"start":{"line":31,"column":16},"end":{"line":31,"column":18}},"line":31}},"branchMap":{},"s":{"0":5,"1":82,"2":82,"3":5,"4":5},"f":{"0":82,"1":0},"b":{},"_coverageSchema":"1a1c01bbd47fc00a2c39e90264f33305004495a9","hash":"8468b80f91fe8b0ddf8ebb3aaedb382338d44055"}
,"C:\\Users\\Ayelen\\Documents\\grupo-02\\frontend\\proyecto\\src\\components\\molecules\\InputIcon\\helpers.js": {"path":"C:\\Users\\Ayelen\\Documents\\grupo-02\\frontend\\proyecto\\src\\components\\molecules\\InputIcon\\helpers.js","statementMap":{"0":{"start":{"line":1,"column":21},"end":{"line":1,"column":55}},"1":{"start":{"line":1,"column":35},"end":{"line":1,"column":55}}},"fnMap":{"0":{"name":"(anonymous_0)","decl":{"start":{"line":1,"column":21},"end":{"line":1,"column":22}},"loc":{"start":{"line":1,"column":35},"end":{"line":1,"column":55}},"line":1}},"branchMap":{},"s":{"0":5,"1":0},"f":{"0":0},"b":{},"_coverageSchema":"1a1c01bbd47fc00a2c39e90264f33305004495a9","hash":"867dd2f8157d5f194becea10b45b8476a7e868b7"}
,"C:\\Users\\Ayelen\\Documents\\grupo-02\\frontend\\proyecto\\src\\components\\molecules\\InputLabel\\InputLabel.jsx": {"path":"C:\\Users\\Ayelen\\Documents\\grupo-02\\frontend\\proyecto\\src\\components\\molecules\\InputLabel\\InputLabel.jsx","statementMap":{"0":{"start":{"line":8,"column":26},"end":{"line":22,"column":1}},"1":{"start":{"line":9,"column":31},"end":{"line":11,"column":6}},"2":{"start":{"line":12,"column":4},"end":{"line":21,"column":5}},"3":{"start":{"line":24,"column":0},"end":{"line":26,"column":1}},"4":{"start":{"line":27,"column":0},"end":{"line":30,"column":1}}},"fnMap":{"0":{"name":"(anonymous_0)","decl":{"start":{"line":8,"column":26},"end":{"line":8,"column":27}},"loc":{"start":{"line":8,"column":129},"end":{"line":22,"column":1}},"line":8}},"branchMap":{"0":{"loc":{"start":{"line":16,"column":13},"end":{"line":17,"column":338}},"type":"cond-expr","locations":[{"start":{"line":17,"column":12},"end":{"line":17,"column":211}},{"start":{"line":17,"column":214},"end":{"line":17,"column":338}}],"line":16}},"s":{"0":5,"1":236,"2":236,"3":5,"4":5},"f":{"0":236},"b":{"0":[82,154]},"_coverageSchema":"1a1c01bbd47fc00a2c39e90264f33305004495a9","hash":"41e465ae5f3fc6acb60a9d15205088d12720b840"}
,"C:\\Users\\Ayelen\\Documents\\grupo-02\\frontend\\proyecto\\src\\components\\molecules\\LocationInfo\\LocationInfo.jsx": {"path":"C:\\Users\\Ayelen\\Documents\\grupo-02\\frontend\\proyecto\\src\\components\\molecules\\LocationInfo\\LocationInfo.jsx","statementMap":{"0":{"start":{"line":5,"column":28},"end":{"line":26,"column":1}},"1":{"start":{"line":6,"column":16},"end":{"line":6,"column":24}},"2":{"start":{"line":8,"column":2},"end":{"line":25,"column":3}}},"fnMap":{"0":{"name":"(anonymous_0)","decl":{"start":{"line":5,"column":28},"end":{"line":5,"column":29}},"loc":{"start":{"line":5,"column":51},"end":{"line":26,"column":1}},"line":5}},"branchMap":{"0":{"loc":{"start":{"line":16,"column":13},"end":{"line":16,"column":1147}},"type":"binary-expr","locations":[{"start":{"line":16,"column":13},"end":{"line":16,"column":22}},{"start":{"line":16,"column":24},"end":{"line":16,"column":243}},{"start":{"line":16,"column":245},"end":{"line":16,"column":254}},{"start":{"line":16,"column":257},"end":{"line":16,"column":475}},{"start":{"line":16,"column":477},"end":{"line":16,"column":486}},{"start":{"line":16,"column":489},"end":{"line":16,"column":701}},{"start":{"line":16,"column":703},"end":{"line":16,"column":712}},{"start":{"line":16,"column":715},"end":{"line":16,"column":927}},{"start":{"line":16,"column":929},"end":{"line":16,"column":938}},{"start":{"line":16,"column":941},"end":{"line":16,"column":1147}}],"line":16}},"s":{"0":4,"1":32,"2":32},"f":{"0":32},"b":{"0":[32,0,32,0,32,0,32,32,0,0]},"_coverageSchema":"1a1c01bbd47fc00a2c39e90264f33305004495a9","hash":"8382d63ef89524849d8a394a99ce72f658599f82"}
,"C:\\Users\\Ayelen\\Documents\\grupo-02\\frontend\\proyecto\\src\\components\\molecules\\Map\\Map.jsx": {"path":"C:\\Users\\Ayelen\\Documents\\grupo-02\\frontend\\proyecto\\src\\components\\molecules\\Map\\Map.jsx","statementMap":{"0":{"start":{"line":7,"column":19},"end":{"line":13,"column":1}},"1":{"start":{"line":8,"column":21},"end":{"line":8,"column":74}},"2":{"start":{"line":10,"column":4},"end":{"line":10,"column":46}},"3":{"start":{"line":10,"column":17},"end":{"line":10,"column":46}},"4":{"start":{"line":11,"column":4},"end":{"line":11,"column":63}},"5":{"start":{"line":18,"column":28},"end":{"line":18,"column":41}},"6":{"start":{"line":20,"column":17},"end":{"line":20,"column":83}},"7":{"start":{"line":21,"column":4},"end":{"line":25,"column":11}},"8":{"start":{"line":22,"column":8},"end":{"line":22,"column":41}},"9":{"start":{"line":22,"column":24},"end":{"line":22,"column":38}},"10":{"start":{"line":26,"column":17},"end":{"line":26,"column":48}},"11":{"start":{"line":27,"column":21},"end":{"line":27,"column":54}},"12":{"start":{"line":29,"column":25},"end":{"line":38,"column":5}},"13":{"start":{"line":40,"column":4},"end":{"line":55,"column":15}}},"fnMap":{"0":{"name":"(anonymous_0)","decl":{"start":{"line":7,"column":19},"end":{"line":7,"column":20}},"loc":{"start":{"line":7,"column":43},"end":{"line":13,"column":1}},"line":7},"1":{"name":"LoadedMap","decl":{"start":{"line":14,"column":9},"end":{"line":14,"column":18}},"loc":{"start":{"line":14,"column":38},"end":{"line":56,"column":1}},"line":14},"2":{"name":"(anonymous_2)","decl":{"start":{"line":21,"column":14},"end":{"line":21,"column":15}},"loc":{"start":{"line":21,"column":20},"end":{"line":25,"column":5}},"line":21},"3":{"name":"(anonymous_3)","decl":{"start":{"line":22,"column":19},"end":{"line":22,"column":20}},"loc":{"start":{"line":22,"column":24},"end":{"line":22,"column":38}},"line":22}},"branchMap":{"0":{"loc":{"start":{"line":10,"column":4},"end":{"line":10,"column":46}},"type":"if","locations":[{"start":{"line":10,"column":4},"end":{"line":10,"column":46}},{"start":{},"end":{}}],"line":10}},"s":{"0":4,"1":32,"2":32,"3":32,"4":0,"5":0,"6":0,"7":0,"8":0,"9":0,"10":0,"11":0,"12":0,"13":0},"f":{"0":32,"1":0,"2":0,"3":0},"b":{"0":[32,0]},"_coverageSchema":"1a1c01bbd47fc00a2c39e90264f33305004495a9","hash":"1fee3fcae4cfc237871de2260f4159667a5155f4"}
,"C:\\Users\\Ayelen\\Documents\\grupo-02\\frontend\\proyecto\\src\\components\\molecules\\MockUpCard\\MockUp.jsx": {"path":"C:\\Users\\Ayelen\\Documents\\grupo-02\\frontend\\proyecto\\src\\components\\molecules\\MockUpCard\\MockUp.jsx","statementMap":{"0":{"start":{"line":3,"column":22},"end":{"line":13,"column":1}},"1":{"start":{"line":4,"column":2},"end":{"line":12,"column":3}}},"fnMap":{"0":{"name":"(anonymous_0)","decl":{"start":{"line":3,"column":22},"end":{"line":3,"column":23}},"loc":{"start":{"line":3,"column":30},"end":{"line":13,"column":1}},"line":3}},"branchMap":{},"s":{"0":4,"1":542},"f":{"0":542},"b":{},"_coverageSchema":"1a1c01bbd47fc00a2c39e90264f33305004495a9","hash":"4b800bda0049d964b5ec9a7a31e3c59890953f5f"}
,"C:\\Users\\Ayelen\\Documents\\grupo-02\\frontend\\proyecto\\src\\components\\molecules\\ProductDescription\\ProductDescription.jsx": {"path":"C:\\Users\\Ayelen\\Documents\\grupo-02\\frontend\\proyecto\\src\\components\\molecules\\ProductDescription\\ProductDescription.jsx","statementMap":{"0":{"start":{"line":5,"column":34},"end":{"line":20,"column":1}},"1":{"start":{"line":6,"column":17},"end":{"line":11,"column":5}},"2":{"start":{"line":12,"column":2},"end":{"line":19,"column":3}},"3":{"start":{"line":16,"column":59},"end":{"line":16,"column":91}}},"fnMap":{"0":{"name":"(anonymous_0)","decl":{"start":{"line":5,"column":34},"end":{"line":5,"column":35}},"loc":{"start":{"line":5,"column":53},"end":{"line":20,"column":1}},"line":5},"1":{"name":"(anonymous_1)","decl":{"start":{"line":16,"column":48},"end":{"line":16,"column":49}},"loc":{"start":{"line":16,"column":59},"end":{"line":16,"column":91}},"line":16}},"branchMap":{},"s":{"0":4,"1":32,"2":32,"3":96},"f":{"0":32,"1":96},"b":{},"_coverageSchema":"1a1c01bbd47fc00a2c39e90264f33305004495a9","hash":"c5b811e8d2f08fcfb9926e4f9159351a143d7459"}
,"C:\\Users\\Ayelen\\Documents\\grupo-02\\frontend\\proyecto\\src\\components\\molecules\\ProductHeader\\ProductHeader.jsx": {"path":"C:\\Users\\Ayelen\\Documents\\grupo-02\\frontend\\proyecto\\src\\components\\molecules\\ProductHeader\\ProductHeader.jsx","statementMap":{"0":{"start":{"line":11,"column":29},"end":{"line":51,"column":1}},"1":{"start":{"line":12,"column":19},"end":{"line":32,"column":5}},"2":{"start":{"line":33,"column":2},"end":{"line":50,"column":3}}},"fnMap":{"0":{"name":"(anonymous_0)","decl":{"start":{"line":11,"column":29},"end":{"line":11,"column":30}},"loc":{"start":{"line":11,"column":51},"end":{"line":51,"column":1}},"line":11}},"branchMap":{},"s":{"0":4,"1":32,"2":32},"f":{"0":32},"b":{},"_coverageSchema":"1a1c01bbd47fc00a2c39e90264f33305004495a9","hash":"57fe9369e21075b7a10bd5904fcd0495a01fa480"}
,"C:\\Users\\Ayelen\\Documents\\grupo-02\\frontend\\proyecto\\src\\components\\molecules\\ProductServices\\ProductServices.jsx": {"path":"C:\\Users\\Ayelen\\Documents\\grupo-02\\frontend\\proyecto\\src\\components\\molecules\\ProductServices\\ProductServices.jsx","statementMap":{"0":{"start":{"line":6,"column":31},"end":{"line":27,"column":1}},"1":{"start":{"line":7,"column":17},"end":{"line":11,"column":5}},"2":{"start":{"line":12,"column":2},"end":{"line":26,"column":3}},"3":{"start":{"line":20,"column":53},"end":{"line":20,"column":162}}},"fnMap":{"0":{"name":"(anonymous_0)","decl":{"start":{"line":6,"column":31},"end":{"line":6,"column":32}},"loc":{"start":{"line":6,"column":47},"end":{"line":27,"column":1}},"line":6},"1":{"name":"(anonymous_1)","decl":{"start":{"line":20,"column":42},"end":{"line":20,"column":43}},"loc":{"start":{"line":20,"column":53},"end":{"line":20,"column":162}},"line":20}},"branchMap":{},"s":{"0":4,"1":32,"2":32,"3":192},"f":{"0":32,"1":192},"b":{},"_coverageSchema":"1a1c01bbd47fc00a2c39e90264f33305004495a9","hash":"13a933aa062fe1c1074ad9f931671fc99da8aa5b"}
,"C:\\Users\\Ayelen\\Documents\\grupo-02\\frontend\\proyecto\\src\\components\\organisms\\Categories\\CategoriesDesktop.jsx": {"path":"C:\\Users\\Ayelen\\Documents\\grupo-02\\frontend\\proyecto\\src\\components\\organisms\\Categories\\CategoriesDesktop.jsx","statementMap":{"0":{"start":{"line":8,"column":33},"end":{"line":39,"column":1}},"1":{"start":{"line":9,"column":43},"end":{"line":9,"column":55}},"2":{"start":{"line":10,"column":37},"end":{"line":10,"column":51}},"3":{"start":{"line":11,"column":41},"end":{"line":11,"column":55}},"4":{"start":{"line":12,"column":2},"end":{"line":21,"column":9}},"5":{"start":{"line":14,"column":4},"end":{"line":19,"column":2}},"6":{"start":{"line":15,"column":2},"end":{"line":15,"column":24}},"7":{"start":{"line":16,"column":2},"end":{"line":16,"column":29}},"8":{"start":{"line":17,"column":2},"end":{"line":17,"column":25}},"9":{"start":{"line":20,"column":4},"end":{"line":20,"column":46}},"10":{"start":{"line":20,"column":19},"end":{"line":20,"column":40}},"11":{"start":{"line":22,"column":2},"end":{"line":38,"column":4}},"12":{"start":{"line":32,"column":12},"end":{"line":32,"column":125}}},"fnMap":{"0":{"name":"(anonymous_0)","decl":{"start":{"line":8,"column":33},"end":{"line":8,"column":34}},"loc":{"start":{"line":8,"column":41},"end":{"line":39,"column":1}},"line":8},"1":{"name":"(anonymous_1)","decl":{"start":{"line":12,"column":12},"end":{"line":12,"column":13}},"loc":{"start":{"line":12,"column":18},"end":{"line":21,"column":3}},"line":12},"2":{"name":"(anonymous_2)","decl":{"start":{"line":14,"column":61},"end":{"line":14,"column":62}},"loc":{"start":{"line":14,"column":66},"end":{"line":19,"column":1}},"line":14},"3":{"name":"(anonymous_3)","decl":{"start":{"line":20,"column":15},"end":{"line":20,"column":16}},"loc":{"start":{"line":20,"column":19},"end":{"line":20,"column":40}},"line":20},"4":{"name":"(anonymous_4)","decl":{"start":{"line":31,"column":30},"end":{"line":31,"column":31}},"loc":{"start":{"line":31,"column":44},"end":{"line":33,"column":11}},"line":31}},"branchMap":{"0":{"loc":{"start":{"line":28,"column":9},"end":{"line":34,"column":12}},"type":"cond-expr","locations":[{"start":{"line":28,"column":39},"end":{"line":30,"column":12}},{"start":{"line":30,"column":13},"end":{"line":34,"column":12}}],"line":28},"1":{"loc":{"start":{"line":28,"column":9},"end":{"line":28,"column":37}},"type":"binary-expr","locations":[{"start":{"line":28,"column":9},"end":{"line":28,"column":20}},{"start":{"line":28,"column":24},"end":{"line":28,"column":37}}],"line":28}},"s":{"0":4,"1":35,"2":35,"3":35,"4":35,"5":35,"6":0,"7":0,"8":0,"9":35,"10":0,"11":35,"12":0},"f":{"0":35,"1":35,"2":0,"3":0,"4":0},"b":{"0":[35,0],"1":[35,0]},"_coverageSchema":"1a1c01bbd47fc00a2c39e90264f33305004495a9","hash":"0274bde3bbf99466aec1dc368ddd7f897a6c29fc"}
,"C:\\Users\\Ayelen\\Documents\\grupo-02\\frontend\\proyecto\\src\\components\\organisms\\Filter\\Filter.jsx": {"path":"C:\\Users\\Ayelen\\Documents\\grupo-02\\frontend\\proyecto\\src\\components\\organisms\\Filter\\Filter.jsx","statementMap":{"0":{"start":{"line":6,"column":22},"end":{"line":44,"column":1}},"1":{"start":{"line":8,"column":47},"end":{"line":8,"column":79}},"2":{"start":{"line":9,"column":39},"end":{"line":9,"column":66}},"3":{"start":{"line":10,"column":4},"end":{"line":16,"column":22}},"4":{"start":{"line":12,"column":8},"end":{"line":12,"column":42}},"5":{"start":{"line":14,"column":4},"end":{"line":14,"column":52}},"6":{"start":{"line":15,"column":4},"end":{"line":15,"column":68}},"7":{"start":{"line":15,"column":17},"end":{"line":15,"column":67}},"8":{"start":{"line":18,"column":4},"end":{"line":35,"column":21}},"9":{"start":{"line":19,"column":8},"end":{"line":27,"column":9}},"10":{"start":{"line":20,"column":12},"end":{"line":20,"column":49}},"11":{"start":{"line":22,"column":13},"end":{"line":27,"column":9}},"12":{"start":{"line":23,"column":12},"end":{"line":23,"column":49}},"13":{"start":{"line":25,"column":13},"end":{"line":27,"column":9}},"14":{"start":{"line":26,"column":12},"end":{"line":26,"column":50}},"15":{"start":{"line":39,"column":4},"end":{"line":43,"column":5}}},"fnMap":{"0":{"name":"(anonymous_0)","decl":{"start":{"line":6,"column":22},"end":{"line":6,"column":23}},"loc":{"start":{"line":6,"column":28},"end":{"line":44,"column":1}},"line":6},"1":{"name":"(anonymous_1)","decl":{"start":{"line":10,"column":14},"end":{"line":10,"column":15}},"loc":{"start":{"line":10,"column":20},"end":{"line":16,"column":5}},"line":10},"2":{"name":"handleResize","decl":{"start":{"line":11,"column":13},"end":{"line":11,"column":25}},"loc":{"start":{"line":11,"column":28},"end":{"line":13,"column":5}},"line":11},"3":{"name":"(anonymous_3)","decl":{"start":{"line":15,"column":11},"end":{"line":15,"column":12}},"loc":{"start":{"line":15,"column":17},"end":{"line":15,"column":67}},"line":15},"4":{"name":"(anonymous_4)","decl":{"start":{"line":18,"column":14},"end":{"line":18,"column":15}},"loc":{"start":{"line":18,"column":20},"end":{"line":35,"column":5}},"line":18}},"branchMap":{"0":{"loc":{"start":{"line":19,"column":8},"end":{"line":27,"column":9}},"type":"if","locations":[{"start":{"line":19,"column":8},"end":{"line":27,"column":9}},{"start":{"line":22,"column":13},"end":{"line":27,"column":9}}],"line":19},"1":{"loc":{"start":{"line":22,"column":13},"end":{"line":27,"column":9}},"type":"if","locations":[{"start":{"line":22,"column":13},"end":{"line":27,"column":9}},{"start":{"line":25,"column":13},"end":{"line":27,"column":9}}],"line":22},"2":{"loc":{"start":{"line":25,"column":13},"end":{"line":27,"column":9}},"type":"if","locations":[{"start":{"line":25,"column":13},"end":{"line":27,"column":9}},{"start":{},"end":{}}],"line":25}},"s":{"0":4,"1":70,"2":70,"3":70,"4":0,"5":35,"6":35,"7":35,"8":70,"9":35,"10":0,"11":35,"12":35,"13":0,"14":0,"15":70},"f":{"0":70,"1":35,"2":0,"3":35,"4":35},"b":{"0":[0,35],"1":[35,0],"2":[0,0]},"_coverageSchema":"1a1c01bbd47fc00a2c39e90264f33305004495a9","hash":"f23aed624a57c8cacd79e7840de162e0fd75e61a"}
,"C:\\Users\\Ayelen\\Documents\\grupo-02\\frontend\\proyecto\\src\\components\\organisms\\Filter\\Versions\\DesktopFilter.jsx": {"path":"C:\\Users\\Ayelen\\Documents\\grupo-02\\frontend\\proyecto\\src\\components\\organisms\\Filter\\Versions\\DesktopFilter.jsx","statementMap":{"0":{"start":{"line":8,"column":29},"end":{"line":25,"column":1}},"1":{"start":{"line":9,"column":2},"end":{"line":24,"column":3}}},"fnMap":{"0":{"name":"(anonymous_0)","decl":{"start":{"line":8,"column":29},"end":{"line":8,"column":30}},"loc":{"start":{"line":8,"column":35},"end":{"line":25,"column":1}},"line":8}},"branchMap":{},"s":{"0":4,"1":35},"f":{"0":35},"b":{},"_coverageSchema":"1a1c01bbd47fc00a2c39e90264f33305004495a9","hash":"95e2e0e95dbbe3626421c05b9f235917723e3a73"}
,"C:\\Users\\Ayelen\\Documents\\grupo-02\\frontend\\proyecto\\src\\components\\organisms\\Filter\\Versions\\MobileFilter.jsx": {"path":"C:\\Users\\Ayelen\\Documents\\grupo-02\\frontend\\proyecto\\src\\components\\organisms\\Filter\\Versions\\MobileFilter.jsx","statementMap":{"0":{"start":{"line":11,"column":28},"end":{"line":29,"column":1}},"1":{"start":{"line":12,"column":4},"end":{"line":28,"column":5}},"2":{"start":{"line":31,"column":0},"end":{"line":31,"column":27}}},"fnMap":{"0":{"name":"(anonymous_0)","decl":{"start":{"line":11,"column":28},"end":{"line":11,"column":29}},"loc":{"start":{"line":11,"column":36},"end":{"line":29,"column":1}},"line":11}},"branchMap":{},"s":{"0":4,"1":0,"2":4},"f":{"0":0},"b":{},"_coverageSchema":"1a1c01bbd47fc00a2c39e90264f33305004495a9","hash":"82aa3ce20897e331ceac7117c600a88265ca6a1b"}
,"C:\\Users\\Ayelen\\Documents\\grupo-02\\frontend\\proyecto\\src\\components\\organisms\\Filter\\Versions\\TabletFilter.jsx": {"path":"C:\\Users\\Ayelen\\Documents\\grupo-02\\frontend\\proyecto\\src\\components\\organisms\\Filter\\Versions\\TabletFilter.jsx","statementMap":{"0":{"start":{"line":9,"column":28},"end":{"line":26,"column":1}},"1":{"start":{"line":10,"column":2},"end":{"line":25,"column":3}}},"fnMap":{"0":{"name":"(anonymous_0)","decl":{"start":{"line":9,"column":28},"end":{"line":9,"column":29}},"loc":{"start":{"line":9,"column":34},"end":{"line":26,"column":1}},"line":9}},"branchMap":{},"s":{"0":4,"1":35},"f":{"0":35},"b":{},"_coverageSchema":"1a1c01bbd47fc00a2c39e90264f33305004495a9","hash":"a669953859732a7bcb625e699f6d6f2247ba444f"}
,"C:\\Users\\Ayelen\\Documents\\grupo-02\\frontend\\proyecto\\src\\components\\organisms\\Footer\\Footer.jsx": {"path":"C:\\Users\\Ayelen\\Documents\\grupo-02\\frontend\\proyecto\\src\\components\\organisms\\Footer\\Footer.jsx","statementMap":{"0":{"start":{"line":6,"column":22},"end":{"line":31,"column":1}},"1":{"start":{"line":7,"column":47},"end":{"line":7,"column":84}},"2":{"start":{"line":8,"column":39},"end":{"line":8,"column":66}},"3":{"start":{"line":9,"column":4},"end":{"line":15,"column":22}},"4":{"start":{"line":11,"column":8},"end":{"line":11,"column":42}},"5":{"start":{"line":13,"column":4},"end":{"line":13,"column":52}},"6":{"start":{"line":14,"column":4},"end":{"line":14,"column":68}},"7":{"start":{"line":14,"column":17},"end":{"line":14,"column":67}},"8":{"start":{"line":17,"column":4},"end":{"line":25,"column":21}},"9":{"start":{"line":18,"column":8},"end":{"line":23,"column":9}},"10":{"start":{"line":19,"column":12},"end":{"line":19,"column":53}},"11":{"start":{"line":22,"column":12},"end":{"line":22,"column":60}},"12":{"start":{"line":26,"column":4},"end":{"line":30,"column":5}},"13":{"start":{"line":33,"column":0},"end":{"line":33,"column":21}}},"fnMap":{"0":{"name":"(anonymous_0)","decl":{"start":{"line":6,"column":22},"end":{"line":6,"column":23}},"loc":{"start":{"line":6,"column":30},"end":{"line":31,"column":1}},"line":6},"1":{"name":"(anonymous_1)","decl":{"start":{"line":9,"column":14},"end":{"line":9,"column":15}},"loc":{"start":{"line":9,"column":20},"end":{"line":15,"column":5}},"line":9},"2":{"name":"handleResize","decl":{"start":{"line":10,"column":13},"end":{"line":10,"column":25}},"loc":{"start":{"line":10,"column":28},"end":{"line":12,"column":5}},"line":10},"3":{"name":"(anonymous_3)","decl":{"start":{"line":14,"column":11},"end":{"line":14,"column":12}},"loc":{"start":{"line":14,"column":17},"end":{"line":14,"column":67}},"line":14},"4":{"name":"(anonymous_4)","decl":{"start":{"line":17,"column":14},"end":{"line":17,"column":15}},"loc":{"start":{"line":17,"column":20},"end":{"line":25,"column":5}},"line":17}},"branchMap":{"0":{"loc":{"start":{"line":18,"column":8},"end":{"line":23,"column":9}},"type":"if","locations":[{"start":{"line":18,"column":8},"end":{"line":23,"column":9}},{"start":{"line":21,"column":12},"end":{"line":23,"column":9}}],"line":18}},"s":{"0":5,"1":172,"2":172,"3":172,"4":0,"5":86,"6":86,"7":86,"8":172,"9":86,"10":0,"11":86,"12":172,"13":5},"f":{"0":172,"1":86,"2":0,"3":86,"4":86},"b":{"0":[0,86]},"_coverageSchema":"1a1c01bbd47fc00a2c39e90264f33305004495a9","hash":"d412d69aa6d306562297479ddfe6795a3a1b3383"}
,"C:\\Users\\Ayelen\\Documents\\grupo-02\\frontend\\proyecto\\src\\components\\organisms\\Footer\\Versions\\FooterDesktopTablet.jsx": {"path":"C:\\Users\\Ayelen\\Documents\\grupo-02\\frontend\\proyecto\\src\\components\\organisms\\Footer\\Versions\\FooterDesktopTablet.jsx","statementMap":{"0":{"start":{"line":6,"column":35},"end":{"line":20,"column":1}},"1":{"start":{"line":7,"column":4},"end":{"line":19,"column":5}},"2":{"start":{"line":22,"column":0},"end":{"line":22,"column":34}}},"fnMap":{"0":{"name":"(anonymous_0)","decl":{"start":{"line":6,"column":35},"end":{"line":6,"column":36}},"loc":{"start":{"line":6,"column":43},"end":{"line":20,"column":1}},"line":6}},"branchMap":{},"s":{"0":5,"1":172,"2":5},"f":{"0":172},"b":{},"_coverageSchema":"1a1c01bbd47fc00a2c39e90264f33305004495a9","hash":"05d3806736b059e85937488e7924b8e03dbb0853"}
,"C:\\Users\\Ayelen\\Documents\\grupo-02\\frontend\\proyecto\\src\\components\\organisms\\Footer\\Versions\\FooterMobile.jsx": {"path":"C:\\Users\\Ayelen\\Documents\\grupo-02\\frontend\\proyecto\\src\\components\\organisms\\Footer\\Versions\\FooterMobile.jsx","statementMap":{"0":{"start":{"line":5,"column":28},"end":{"line":13,"column":1}},"1":{"start":{"line":6,"column":2},"end":{"line":12,"column":3}},"2":{"start":{"line":15,"column":0},"end":{"line":15,"column":27}}},"fnMap":{"0":{"name":"(anonymous_0)","decl":{"start":{"line":5,"column":28},"end":{"line":5,"column":29}},"loc":{"start":{"line":5,"column":36},"end":{"line":13,"column":1}},"line":5}},"branchMap":{},"s":{"0":5,"1":0,"2":5},"f":{"0":0},"b":{},"_coverageSchema":"1a1c01bbd47fc00a2c39e90264f33305004495a9","hash":"6d3cca38256ac47dac15c3c829133759f19e3a04"}
,"C:\\Users\\Ayelen\\Documents\\grupo-02\\frontend\\proyecto\\src\\components\\organisms\\Header\\Header.jsx": {"path":"C:\\Users\\Ayelen\\Documents\\grupo-02\\frontend\\proyecto\\src\\components\\organisms\\Header\\Header.jsx","statementMap":{"0":{"start":{"line":6,"column":22},"end":{"line":47,"column":1}},"1":{"start":{"line":8,"column":31},"end":{"line":8,"column":75}},"2":{"start":{"line":10,"column":33},"end":{"line":10,"column":200}},"3":{"start":{"line":11,"column":24},"end":{"line":13,"column":31}},"4":{"start":{"line":12,"column":8},"end":{"line":12,"column":43}},"5":{"start":{"line":13,"column":8},"end":{"line":13,"column":30}},"6":{"start":{"line":17,"column":47},"end":{"line":17,"column":138}},"7":{"start":{"line":18,"column":39},"end":{"line":18,"column":66}},"8":{"start":{"line":19,"column":4},"end":{"line":25,"column":22}},"9":{"start":{"line":21,"column":8},"end":{"line":21,"column":42}},"10":{"start":{"line":23,"column":4},"end":{"line":23,"column":52}},"11":{"start":{"line":24,"column":4},"end":{"line":24,"column":68}},"12":{"start":{"line":24,"column":17},"end":{"line":24,"column":67}},"13":{"start":{"line":27,"column":4},"end":{"line":39,"column":30}},"14":{"start":{"line":28,"column":8},"end":{"line":37,"column":9}},"15":{"start":{"line":29,"column":12},"end":{"line":29,"column":139}},"16":{"start":{"line":31,"column":13},"end":{"line":37,"column":9}},"17":{"start":{"line":32,"column":12},"end":{"line":32,"column":139}},"18":{"start":{"line":34,"column":13},"end":{"line":37,"column":9}},"19":{"start":{"line":35,"column":12},"end":{"line":35,"column":140}},"20":{"start":{"line":40,"column":4},"end":{"line":46,"column":5}},"21":{"start":{"line":49,"column":0},"end":{"line":49,"column":21}}},"fnMap":{"0":{"name":"(anonymous_0)","decl":{"start":{"line":6,"column":22},"end":{"line":6,"column":23}},"loc":{"start":{"line":6,"column":30},"end":{"line":47,"column":1}},"line":6},"1":{"name":"(anonymous_1)","decl":{"start":{"line":11,"column":24},"end":{"line":11,"column":25}},"loc":{"start":{"line":11,"column":28},"end":{"line":13,"column":31}},"line":11},"2":{"name":"(anonymous_2)","decl":{"start":{"line":19,"column":14},"end":{"line":19,"column":15}},"loc":{"start":{"line":19,"column":20},"end":{"line":25,"column":5}},"line":19},"3":{"name":"handleResize","decl":{"start":{"line":20,"column":13},"end":{"line":20,"column":25}},"loc":{"start":{"line":20,"column":28},"end":{"line":22,"column":5}},"line":20},"4":{"name":"(anonymous_4)","decl":{"start":{"line":24,"column":11},"end":{"line":24,"column":12}},"loc":{"start":{"line":24,"column":17},"end":{"line":24,"column":67}},"line":24},"5":{"name":"(anonymous_5)","decl":{"start":{"line":27,"column":14},"end":{"line":27,"column":15}},"loc":{"start":{"line":27,"column":20},"end":{"line":39,"column":5}},"line":27}},"branchMap":{"0":{"loc":{"start":{"line":10,"column":53},"end":{"line":10,"column":121}},"type":"cond-expr","locations":[{"start":{"line":10,"column":81},"end":{"line":10,"column":111}},{"start":{"line":10,"column":112},"end":{"line":10,"column":121}}],"line":10},"1":{"loc":{"start":{"line":10,"column":131},"end":{"line":10,"column":198}},"type":"cond-expr","locations":[{"start":{"line":10,"column":159},"end":{"line":10,"column":188}},{"start":{"line":10,"column":189},"end":{"line":10,"column":198}}],"line":10},"2":{"loc":{"start":{"line":28,"column":8},"end":{"line":37,"column":9}},"type":"if","locations":[{"start":{"line":28,"column":8},"end":{"line":37,"column":9}},{"start":{"line":31,"column":13},"end":{"line":37,"column":9}}],"line":28},"3":{"loc":{"start":{"line":31,"column":13},"end":{"line":37,"column":9}},"type":"if","locations":[{"start":{"line":31,"column":13},"end":{"line":37,"column":9}},{"start":{"line":34,"column":13},"end":{"line":37,"column":9}}],"line":31},"4":{"loc":{"start":{"line":34,"column":13},"end":{"line":37,"column":9}},"type":"if","locations":[{"start":{"line":34,"column":13},"end":{"line":37,"column":9}},{"start":{},"end":{}}],"line":34}},"s":{"0":5,"1":172,"2":172,"3":172,"4":0,"5":0,"6":172,"7":172,"8":172,"9":0,"10":86,"11":86,"12":86,"13":172,"14":86,"15":0,"16":86,"17":86,"18":0,"19":0,"20":172,"21":5},"f":{"0":172,"1":0,"2":86,"3":0,"4":86,"5":86},"b":{"0":[0,172],"1":[0,172],"2":[0,86],"3":[86,0],"4":[0,0]},"_coverageSchema":"1a1c01bbd47fc00a2c39e90264f33305004495a9","hash":"27b34e789763369672a52bc3dd8e54b76f17f8fc"}
,"C:\\Users\\Ayelen\\Documents\\grupo-02\\frontend\\proyecto\\src\\components\\organisms\\Header\\Versions\\DesktopHeader.jsx": {"path":"C:\\Users\\Ayelen\\Documents\\grupo-02\\frontend\\proyecto\\src\\components\\organisms\\Header\\Versions\\DesktopHeader.jsx","statementMap":{"0":{"start":{"line":11,"column":29},"end":{"line":45,"column":1}},"1":{"start":{"line":13,"column":4},"end":{"line":44,"column":5}}},"fnMap":{"0":{"name":"(anonymous_0)","decl":{"start":{"line":11,"column":29},"end":{"line":11,"column":30}},"loc":{"start":{"line":11,"column":70},"end":{"line":45,"column":1}},"line":11}},"branchMap":{"0":{"loc":{"start":{"line":23,"column":18},"end":{"line":39,"column":15}},"type":"cond-expr","locations":[{"start":{"line":23,"column":64},"end":{"line":29,"column":15}},{"start":{"line":29,"column":16},"end":{"line":39,"column":15}}],"line":23},"1":{"loc":{"start":{"line":23,"column":18},"end":{"line":23,"column":63}},"type":"binary-expr","locations":[{"start":{"line":23,"column":18},"end":{"line":23,"column":39}},{"start":{"line":23,"column":43},"end":{"line":23,"column":63}}],"line":23},"2":{"loc":{"start":{"line":32,"column":18},"end":{"line":32,"column":139}},"type":"binary-expr","locations":[{"start":{"line":32,"column":18},"end":{"line":32,"column":72}},{"start":{"line":32,"column":74},"end":{"line":32,"column":139}}],"line":32},"3":{"loc":{"start":{"line":35,"column":21},"end":{"line":35,"column":142}},"type":"binary-expr","locations":[{"start":{"line":35,"column":21},"end":{"line":35,"column":73}},{"start":{"line":35,"column":75},"end":{"line":35,"column":142}}],"line":35}},"s":{"0":5,"1":86},"f":{"0":86},"b":{"0":[0,86],"1":[86,0],"2":[86,86],"3":[86,86]},"_coverageSchema":"1a1c01bbd47fc00a2c39e90264f33305004495a9","hash":"d929da00d8448545c64a65a01623146b19d1bd58"}
,"C:\\Users\\Ayelen\\Documents\\grupo-02\\frontend\\proyecto\\src\\components\\organisms\\Header\\Versions\\MobileHeader.jsx": {"path":"C:\\Users\\Ayelen\\Documents\\grupo-02\\frontend\\proyecto\\src\\components\\organisms\\Header\\Versions\\MobileHeader.jsx","statementMap":{"0":{"start":{"line":12,"column":28},"end":{"line":84,"column":1}},"1":{"start":{"line":16,"column":23},"end":{"line":16,"column":38}},"2":{"start":{"line":17,"column":21},"end":{"line":17,"column":39}},"3":{"start":{"line":17,"column":25},"end":{"line":17,"column":39}},"4":{"start":{"line":19,"column":33},"end":{"line":22,"column":6}},"5":{"start":{"line":23,"column":2},"end":{"line":83,"column":3}},"6":{"start":{"line":86,"column":0},"end":{"line":86,"column":27}}},"fnMap":{"0":{"name":"(anonymous_0)","decl":{"start":{"line":12,"column":28},"end":{"line":12,"column":29}},"loc":{"start":{"line":12,"column":69},"end":{"line":84,"column":1}},"line":12},"1":{"name":"(anonymous_1)","decl":{"start":{"line":17,"column":21},"end":{"line":17,"column":22}},"loc":{"start":{"line":17,"column":25},"end":{"line":17,"column":39}},"line":17},"2":{"name":"(anonymous_2)","decl":{"start":{"line":77,"column":31},"end":{"line":77,"column":32}},"loc":{"start":{"line":77,"column":35},"end":{"line":77,"column":37}},"line":77},"3":{"name":"(anonymous_3)","decl":{"start":{"line":77,"column":82},"end":{"line":77,"column":83}},"loc":{"start":{"line":77,"column":86},"end":{"line":77,"column":88}},"line":77},"4":{"name":"(anonymous_4)","decl":{"start":{"line":77,"column":133},"end":{"line":77,"column":134}},"loc":{"start":{"line":77,"column":137},"end":{"line":77,"column":139}},"line":77},"5":{"name":"(anonymous_5)","decl":{"start":{"line":77,"column":182},"end":{"line":77,"column":183}},"loc":{"start":{"line":77,"column":186},"end":{"line":77,"column":188}},"line":77}},"branchMap":{"0":{"loc":{"start":{"line":35,"column":11},"end":{"line":69,"column":21}},"type":"cond-expr","locations":[{"start":{"line":35,"column":58},"end":{"line":50,"column":15}},{"start":{"line":51,"column":12},"end":{"line":69,"column":21}}],"line":35},"1":{"loc":{"start":{"line":35,"column":11},"end":{"line":35,"column":56}},"type":"binary-expr","locations":[{"start":{"line":35,"column":11},"end":{"line":35,"column":32}},{"start":{"line":35,"column":36},"end":{"line":35,"column":56}}],"line":35},"2":{"loc":{"start":{"line":60,"column":15},"end":{"line":60,"column":173}},"type":"binary-expr","locations":[{"start":{"line":60,"column":15},"end":{"line":60,"column":69}},{"start":{"line":60,"column":72},"end":{"line":60,"column":173}}],"line":60},"3":{"loc":{"start":{"line":61,"column":15},"end":{"line":61,"column":156}},"type":"binary-expr","locations":[{"start":{"line":61,"column":15},"end":{"line":61,"column":69}},{"start":{"line":61,"column":73},"end":{"line":61,"column":125}},{"start":{"line":61,"column":129},"end":{"line":61,"column":156}}],"line":61},"4":{"loc":{"start":{"line":62,"column":15},"end":{"line":65,"column":23}},"type":"binary-expr","locations":[{"start":{"line":62,"column":15},"end":{"line":62,"column":67}},{"start":{"line":63,"column":14},"end":{"line":65,"column":23}}],"line":62}},"s":{"0":5,"1":0,"2":0,"3":0,"4":0,"5":0,"6":5},"f":{"0":0,"1":0,"2":0,"3":0,"4":0,"5":0},"b":{"0":[0,0],"1":[0,0],"2":[0,0],"3":[0,0,0],"4":[0,0]},"_coverageSchema":"1a1c01bbd47fc00a2c39e90264f33305004495a9","hash":"57174a6e27171ca1038b17f6c83dd63cd9ceadc0"}
,"C:\\Users\\Ayelen\\Documents\\grupo-02\\frontend\\proyecto\\src\\components\\organisms\\Header\\Versions\\TabletHeader.jsx": {"path":"C:\\Users\\Ayelen\\Documents\\grupo-02\\frontend\\proyecto\\src\\components\\organisms\\Header\\Versions\\TabletHeader.jsx","statementMap":{"0":{"start":{"line":13,"column":28},"end":{"line":44,"column":1}},"1":{"start":{"line":15,"column":4},"end":{"line":43,"column":5}}},"fnMap":{"0":{"name":"(anonymous_0)","decl":{"start":{"line":13,"column":28},"end":{"line":13,"column":29}},"loc":{"start":{"line":13,"column":69},"end":{"line":44,"column":1}},"line":13}},"branchMap":{"0":{"loc":{"start":{"line":22,"column":13},"end":{"line":39,"column":15}},"type":"cond-expr","locations":[{"start":{"line":22,"column":59},"end":{"line":28,"column":15}},{"start":{"line":28,"column":16},"end":{"line":39,"column":15}}],"line":22},"1":{"loc":{"start":{"line":22,"column":13},"end":{"line":22,"column":58}},"type":"binary-expr","locations":[{"start":{"line":22,"column":13},"end":{"line":22,"column":34}},{"start":{"line":22,"column":38},"end":{"line":22,"column":58}}],"line":22},"2":{"loc":{"start":{"line":31,"column":22},"end":{"line":31,"column":145}},"type":"binary-expr","locations":[{"start":{"line":31,"column":22},"end":{"line":31,"column":76}},{"start":{"line":31,"column":78},"end":{"line":31,"column":145}}],"line":31},"3":{"loc":{"start":{"line":34,"column":21},"end":{"line":34,"column":144}},"type":"binary-expr","locations":[{"start":{"line":34,"column":21},"end":{"line":34,"column":73}},{"start":{"line":34,"column":75},"end":{"line":34,"column":144}}],"line":34}},"s":{"0":5,"1":86},"f":{"0":86},"b":{"0":[0,86],"1":[86,0],"2":[86,86],"3":[86,86]},"_coverageSchema":"1a1c01bbd47fc00a2c39e90264f33305004495a9","hash":"79b9e43aa6be24408f6532c45c6b97f8fc0bbe31"}
,"C:\\Users\\Ayelen\\Documents\\grupo-02\\frontend\\proyecto\\src\\components\\organisms\\Login\\LoginForm.jsx": {"path":"C:\\Users\\Ayelen\\Documents\\grupo-02\\frontend\\proyecto\\src\\components\\organisms\\Login\\LoginForm.jsx","statementMap":{"0":{"start":{"line":11,"column":25},"end":{"line":175,"column":1}},"1":{"start":{"line":13,"column":31},"end":{"line":13,"column":122}},"2":{"start":{"line":14,"column":39},"end":{"line":14,"column":66}},"3":{"start":{"line":15,"column":4},"end":{"line":21,"column":22}},"4":{"start":{"line":17,"column":8},"end":{"line":17,"column":42}},"5":{"start":{"line":19,"column":4},"end":{"line":19,"column":52}},"6":{"start":{"line":20,"column":4},"end":{"line":20,"column":68}},"7":{"start":{"line":20,"column":17},"end":{"line":20,"column":67}},"8":{"start":{"line":23,"column":4},"end":{"line":35,"column":21}},"9":{"start":{"line":24,"column":8},"end":{"line":33,"column":9}},"10":{"start":{"line":25,"column":12},"end":{"line":25,"column":104}},"11":{"start":{"line":27,"column":13},"end":{"line":33,"column":9}},"12":{"start":{"line":28,"column":12},"end":{"line":28,"column":103}},"13":{"start":{"line":30,"column":13},"end":{"line":33,"column":9}},"14":{"start":{"line":31,"column":12},"end":{"line":31,"column":104}},"15":{"start":{"line":40,"column":37},"end":{"line":40,"column":49}},"16":{"start":{"line":41,"column":23},"end":{"line":44,"column":5}},"17":{"start":{"line":41,"column":27},"end":{"line":44,"column":5}},"18":{"start":{"line":42,"column":27},"end":{"line":42,"column":39}},"19":{"start":{"line":43,"column":8},"end":{"line":43,"column":51}},"20":{"start":{"line":45,"column":29},"end":{"line":45,"column":67}},"21":{"start":{"line":46,"column":27},"end":{"line":49,"column":5}},"22":{"start":{"line":48,"column":8},"end":{"line":48,"column":65}},"23":{"start":{"line":48,"column":39},"end":{"line":48,"column":63}},"24":{"start":{"line":50,"column":28},"end":{"line":50,"column":67}},"25":{"start":{"line":50,"column":34},"end":{"line":50,"column":67}},"26":{"start":{"line":52,"column":13},"end":{"line":52,"column":15}},"27":{"start":{"line":53,"column":4},"end":{"line":58,"column":19}},"28":{"start":{"line":54,"column":8},"end":{"line":57,"column":9}},"29":{"start":{"line":60,"column":19},"end":{"line":60,"column":32}},"30":{"start":{"line":61,"column":23},"end":{"line":72,"column":5}},"31":{"start":{"line":64,"column":8},"end":{"line":64,"column":26}},"32":{"start":{"line":66,"column":8},"end":{"line":70,"column":9}},"33":{"start":{"line":67,"column":12},"end":{"line":67,"column":69}},"34":{"start":{"line":69,"column":12},"end":{"line":69,"column":25}},"35":{"start":{"line":76,"column":19},"end":{"line":76,"column":23}},"36":{"start":{"line":79,"column":8},"end":{"line":85,"column":9}},"37":{"start":{"line":80,"column":12},"end":{"line":80,"column":24}},"38":{"start":{"line":81,"column":12},"end":{"line":81,"column":35}},"39":{"start":{"line":82,"column":16},"end":{"line":84,"column":23}},"40":{"start":{"line":83,"column":20},"end":{"line":83,"column":44}},"41":{"start":{"line":86,"column":8},"end":{"line":92,"column":9}},"42":{"start":{"line":87,"column":12},"end":{"line":87,"column":24}},"43":{"start":{"line":88,"column":12},"end":{"line":88,"column":38}},"44":{"start":{"line":89,"column":16},"end":{"line":91,"column":23}},"45":{"start":{"line":90,"column":20},"end":{"line":90,"column":47}},"46":{"start":{"line":94,"column":8},"end":{"line":102,"column":5}},"47":{"start":{"line":97,"column":8},"end":{"line":97,"column":20}},"48":{"start":{"line":98,"column":8},"end":{"line":98,"column":31}},"49":{"start":{"line":99,"column":16},"end":{"line":101,"column":23}},"50":{"start":{"line":100,"column":20},"end":{"line":100,"column":44}},"51":{"start":{"line":103,"column":8},"end":{"line":109,"column":9}},"52":{"start":{"line":104,"column":12},"end":{"line":104,"column":24}},"53":{"start":{"line":105,"column":12},"end":{"line":105,"column":38}},"54":{"start":{"line":106,"column":16},"end":{"line":108,"column":23}},"55":{"start":{"line":107,"column":20},"end":{"line":107,"column":47}},"56":{"start":{"line":110,"column":8},"end":{"line":110,"column":22}},"57":{"start":{"line":117,"column":19},"end":{"line":117,"column":23}},"58":{"start":{"line":118,"column":8},"end":{"line":126,"column":9}},"59":{"start":{"line":119,"column":12},"end":{"line":119,"column":24}},"60":{"start":{"line":121,"column":13},"end":{"line":126,"column":9}},"61":{"start":{"line":122,"column":12},"end":{"line":122,"column":24}},"62":{"start":{"line":124,"column":13},"end":{"line":126,"column":9}},"63":{"start":{"line":125,"column":12},"end":{"line":125,"column":25}},"64":{"start":{"line":128,"column":8},"end":{"line":128,"column":21}},"65":{"start":{"line":130,"column":34},"end":{"line":130,"column":78}},"66":{"start":{"line":131,"column":26},"end":{"line":131,"column":140}},"67":{"start":{"line":131,"column":30},"end":{"line":131,"column":140}},"68":{"start":{"line":132,"column":4},"end":{"line":174,"column":5}}},"fnMap":{"0":{"name":"(anonymous_0)","decl":{"start":{"line":11,"column":25},"end":{"line":11,"column":26}},"loc":{"start":{"line":11,"column":31},"end":{"line":175,"column":1}},"line":11},"1":{"name":"(anonymous_1)","decl":{"start":{"line":15,"column":14},"end":{"line":15,"column":15}},"loc":{"start":{"line":15,"column":20},"end":{"line":21,"column":5}},"line":15},"2":{"name":"handleResize","decl":{"start":{"line":16,"column":13},"end":{"line":16,"column":25}},"loc":{"start":{"line":16,"column":28},"end":{"line":18,"column":5}},"line":16},"3":{"name":"(anonymous_3)","decl":{"start":{"line":20,"column":11},"end":{"line":20,"column":12}},"loc":{"start":{"line":20,"column":17},"end":{"line":20,"column":67}},"line":20},"4":{"name":"(anonymous_4)","decl":{"start":{"line":23,"column":14},"end":{"line":23,"column":15}},"loc":{"start":{"line":23,"column":20},"end":{"line":35,"column":5}},"line":23},"5":{"name":"(anonymous_5)","decl":{"start":{"line":41,"column":23},"end":{"line":41,"column":24}},"loc":{"start":{"line":41,"column":27},"end":{"line":44,"column":5}},"line":41},"6":{"name":"(anonymous_6)","decl":{"start":{"line":41,"column":27},"end":{"line":41,"column":28}},"loc":{"start":{"line":41,"column":36},"end":{"line":44,"column":5}},"line":41},"7":{"name":"(anonymous_7)","decl":{"start":{"line":46,"column":27},"end":{"line":46,"column":28}},"loc":{"start":{"line":46,"column":33},"end":{"line":49,"column":5}},"line":46},"8":{"name":"(anonymous_8)","decl":{"start":{"line":48,"column":25},"end":{"line":48,"column":26}},"loc":{"start":{"line":48,"column":39},"end":{"line":48,"column":63}},"line":48},"9":{"name":"(anonymous_9)","decl":{"start":{"line":50,"column":28},"end":{"line":50,"column":29}},"loc":{"start":{"line":50,"column":34},"end":{"line":50,"column":67}},"line":50},"10":{"name":"(anonymous_10)","decl":{"start":{"line":53,"column":14},"end":{"line":53,"column":15}},"loc":{"start":{"line":53,"column":18},"end":{"line":58,"column":5}},"line":53},"11":{"name":"(anonymous_11)","decl":{"start":{"line":61,"column":23},"end":{"line":61,"column":24}},"loc":{"start":{"line":61,"column":28},"end":{"line":72,"column":5}},"line":61},"12":{"name":"firstValidation","decl":{"start":{"line":74,"column":14},"end":{"line":74,"column":29}},"loc":{"start":{"line":74,"column":45},"end":{"line":111,"column":5}},"line":74},"13":{"name":"(anonymous_13)","decl":{"start":{"line":82,"column":27},"end":{"line":82,"column":28}},"loc":{"start":{"line":82,"column":37},"end":{"line":84,"column":17}},"line":82},"14":{"name":"(anonymous_14)","decl":{"start":{"line":89,"column":27},"end":{"line":89,"column":28}},"loc":{"start":{"line":89,"column":37},"end":{"line":91,"column":17}},"line":89},"15":{"name":"(anonymous_15)","decl":{"start":{"line":99,"column":27},"end":{"line":99,"column":28}},"loc":{"start":{"line":99,"column":37},"end":{"line":101,"column":17}},"line":99},"16":{"name":"(anonymous_16)","decl":{"start":{"line":106,"column":27},"end":{"line":106,"column":28}},"loc":{"start":{"line":106,"column":37},"end":{"line":108,"column":17}},"line":106},"17":{"name":"checkLength","decl":{"start":{"line":115,"column":13},"end":{"line":115,"column":24}},"loc":{"start":{"line":115,"column":31},"end":{"line":129,"column":5}},"line":115},"18":{"name":"(anonymous_18)","decl":{"start":{"line":131,"column":26},"end":{"line":131,"column":27}},"loc":{"start":{"line":131,"column":30},"end":{"line":131,"column":140}},"line":131}},"branchMap":{"0":{"loc":{"start":{"line":24,"column":8},"end":{"line":33,"column":9}},"type":"if","locations":[{"start":{"line":24,"column":8},"end":{"line":33,"column":9}},{"start":{"line":27,"column":13},"end":{"line":33,"column":9}}],"line":24},"1":{"loc":{"start":{"line":27,"column":13},"end":{"line":33,"column":9}},"type":"if","locations":[{"start":{"line":27,"column":13},"end":{"line":33,"column":9}},{"start":{"line":30,"column":13},"end":{"line":33,"column":9}}],"line":27},"2":{"loc":{"start":{"line":27,"column":16},"end":{"line":27,"column":52}},"type":"binary-expr","locations":[{"start":{"line":27,"column":16},"end":{"line":27,"column":32}},{"start":{"line":27,"column":36},"end":{"line":27,"column":52}}],"line":27},"3":{"loc":{"start":{"line":30,"column":13},"end":{"line":33,"column":9}},"type":"if","locations":[{"start":{"line":30,"column":13},"end":{"line":33,"column":9}},{"start":{},"end":{}}],"line":30},"4":{"loc":{"start":{"line":66,"column":8},"end":{"line":70,"column":9}},"type":"if","locations":[{"start":{"line":66,"column":8},"end":{"line":70,"column":9}},{"start":{},"end":{}}],"line":66},"5":{"loc":{"start":{"line":79,"column":8},"end":{"line":85,"column":9}},"type":"if","locations":[{"start":{"line":79,"column":8},"end":{"line":85,"column":9}},{"start":{},"end":{}}],"line":79},"6":{"loc":{"start":{"line":86,"column":8},"end":{"line":92,"column":9}},"type":"if","locations":[{"start":{"line":86,"column":8},"end":{"line":92,"column":9}},{"start":{},"end":{}}],"line":86},"7":{"loc":{"start":{"line":94,"column":8},"end":{"line":102,"column":5}},"type":"if","locations":[{"start":{"line":94,"column":8},"end":{"line":102,"column":5}},{"start":{},"end":{}}],"line":94},"8":{"loc":{"start":{"line":103,"column":8},"end":{"line":109,"column":9}},"type":"if","locations":[{"start":{"line":103,"column":8},"end":{"line":109,"column":9}},{"start":{},"end":{}}],"line":103},"9":{"loc":{"start":{"line":118,"column":8},"end":{"line":126,"column":9}},"type":"if","locations":[{"start":{"line":118,"column":8},"end":{"line":126,"column":9}},{"start":{"line"
[...]
ents\\organisms\\Register\\RegisterForm.jsx": {"path":"C:\\Users\\Ayelen\\Documents\\grupo-02\\frontend\\proyecto\\src\\components\\organisms\\Register\\RegisterForm.jsx","statementMap":{"0":{"start":{"line":10,"column":28},"end":{"line":202,"column":1}},"1":{"start":{"line":11,"column":31},"end":{"line":11,"column":122}},"2":{"start":{"line":12,"column":39},"end":{"line":12,"column":66}},"3":{"start":{"line":13,"column":4},"end":{"line":19,"column":22}},"4":{"start":{"line":15,"column":8},"end":{"line":15,"column":42}},"5":{"start":{"line":17,"column":4},"end":{"line":17,"column":52}},"6":{"start":{"line":18,"column":4},"end":{"line":18,"column":68}},"7":{"start":{"line":18,"column":17},"end":{"line":18,"column":67}},"8":{"start":{"line":21,"column":4},"end":{"line":33,"column":21}},"9":{"start":{"line":22,"column":8},"end":{"line":31,"column":9}},"10":{"start":{"line":23,"column":12},"end":{"line":23,"column":104}},"11":{"start":{"line":25,"column":13},"end":{"line":31,"column":9}},"12":{"start":{"line":26,"column":12},"end":{"line":26,"column":103}},"13":{"start":{"line":28,"column":13},"end":{"line":31,"column":9}},"14":{"start":{"line":29,"column":12},"end":{"line":29,"column":104}},"15":{"start":{"line":38,"column":37},"end":{"line":38,"column":49}},"16":{"start":{"line":39,"column":23},"end":{"line":42,"column":5}},"17":{"start":{"line":39,"column":27},"end":{"line":42,"column":5}},"18":{"start":{"line":40,"column":27},"end":{"line":40,"column":39}},"19":{"start":{"line":41,"column":8},"end":{"line":41,"column":51}},"20":{"start":{"line":43,"column":29},"end":{"line":43,"column":115}},"21":{"start":{"line":44,"column":27},"end":{"line":47,"column":5}},"22":{"start":{"line":46,"column":8},"end":{"line":46,"column":65}},"23":{"start":{"line":46,"column":39},"end":{"line":46,"column":63}},"24":{"start":{"line":48,"column":28},"end":{"line":48,"column":67}},"25":{"start":{"line":48,"column":34},"end":{"line":48,"column":67}},"26":{"start":{"line":49,"column":17},"end":{"line":49,"column":19}},"27":{"start":{"line":50,"column":4},"end":{"line":55,"column":19}},"28":{"start":{"line":51,"column":8},"end":{"line":54,"column":9}},"29":{"start":{"line":57,"column":19},"end":{"line":57,"column":32}},"30":{"start":{"line":58,"column":23},"end":{"line":67,"column":5}},"31":{"start":{"line":60,"column":8},"end":{"line":60,"column":26}},"32":{"start":{"line":62,"column":8},"end":{"line":66,"column":9}},"33":{"start":{"line":63,"column":12},"end":{"line":63,"column":69}},"34":{"start":{"line":65,"column":12},"end":{"line":65,"column":25}},"35":{"start":{"line":71,"column":25},"end":{"line":71,"column":46}},"36":{"start":{"line":72,"column":19},"end":{"line":72,"column":23}},"37":{"start":{"line":74,"column":8},"end":{"line":80,"column":9}},"38":{"start":{"line":75,"column":12},"end":{"line":75,"column":24}},"39":{"start":{"line":76,"column":12},"end":{"line":76,"column":39}},"40":{"start":{"line":77,"column":16},"end":{"line":79,"column":23}},"41":{"start":{"line":78,"column":20},"end":{"line":78,"column":48}},"42":{"start":{"line":81,"column":8},"end":{"line":87,"column":9}},"43":{"start":{"line":82,"column":12},"end":{"line":82,"column":24}},"44":{"start":{"line":83,"column":12},"end":{"line":83,"column":38}},"45":{"start":{"line":84,"column":16},"end":{"line":86,"column":23}},"46":{"start":{"line":85,"column":20},"end":{"line":85,"column":47}},"47":{"start":{"line":90,"column":8},"end":{"line":96,"column":9}},"48":{"start":{"line":91,"column":12},"end":{"line":91,"column":24}},"49":{"start":{"line":92,"column":12},"end":{"line":92,"column":38}},"50":{"start":{"line":93,"column":16},"end":{"line":95,"column":23}},"51":{"start":{"line":94,"column":20},"end":{"line":94,"column":47}},"52":{"start":{"line":97,"column":8},"end":{"line":103,"column":9}},"53":{"start":{"line":98,"column":12},"end":{"line":98,"column":24}},"54":{"start":{"line":99,"column":12},"end":{"line":99,"column":40}},"55":{"start":{"line":100,"column":16},"end":{"line":102,"column":23}},"56":{"start":{"line":101,"column":20},"end":{"line":101,"column":49}},"57":{"start":{"line":104,"column":8},"end":{"line":113,"column":5}},"58":{"start":{"line":108,"column":8},"end":{"line":108,"column":20}},"59":{"start":{"line":109,"column":8},"end":{"line":109,"column":31}},"60":{"start":{"line":110,"column":16},"end":{"line":112,"column":23}},"61":{"start":{"line":111,"column":20},"end":{"line":111,"column":44}},"62":{"start":{"line":114,"column":8},"end":{"line":120,"column":9}},"63":{"start":{"line":115,"column":12},"end":{"line":115,"column":24}},"64":{"start":{"line":116,"column":12},"end":{"line":116,"column":38}},"65":{"start":{"line":117,"column":16},"end":{"line":119,"column":23}},"66":{"start":{"line":118,"column":20},"end":{"line":118,"column":47}},"67":{"start":{"line":121,"column":8},"end":{"line":129,"column":9}},"68":{"start":{"line":122,"column":12},"end":{"line":122,"column":24}},"69":{"start":{"line":123,"column":12},"end":{"line":123,"column":40}},"70":{"start":{"line":124,"column":12},"end":{"line":124,"column":38}},"71":{"start":{"line":125,"column":16},"end":{"line":128,"column":23}},"72":{"start":{"line":126,"column":20},"end":{"line":126,"column":49}},"73":{"start":{"line":127,"column":20},"end":{"line":127,"column":47}},"74":{"start":{"line":131,"column":8},"end":{"line":131,"column":22}},"75":{"start":{"line":138,"column":19},"end":{"line":138,"column":23}},"76":{"start":{"line":139,"column":8},"end":{"line":147,"column":9}},"77":{"start":{"line":140,"column":12},"end":{"line":140,"column":24}},"78":{"start":{"line":142,"column":13},"end":{"line":147,"column":9}},"79":{"start":{"line":143,"column":12},"end":{"line":143,"column":24}},"80":{"start":{"line":145,"column":13},"end":{"line":147,"column":9}},"81":{"start":{"line":146,"column":12},"end":{"line":146,"column":25}},"82":{"start":{"line":149,"column":8},"end":{"line":149,"column":21}},"83":{"start":{"line":151,"column":35},"end":{"line":151,"column":79}},"84":{"start":{"line":152,"column":26},"end":{"line":152,"column":140}},"85":{"start":{"line":152,"column":30},"end":{"line":152,"column":140}},"86":{"start":{"line":153,"column":4},"end":{"line":201,"column":5}}},"fnMap":{"0":{"name":"(anonymous_0)","decl":{"start":{"line":10,"column":28},"end":{"line":10,"column":29}},"loc":{"start":{"line":10,"column":34},"end":{"line":202,"column":1}},"line":10},"1":{"name":"(anonymous_1)","decl":{"start":{"line":13,"column":14},"end":{"line":13,"column":15}},"loc":{"start":{"line":13,"column":20},"end":{"line":19,"column":5}},"line":13},"2":{"name":"handleResize","decl":{"start":{"line":14,"column":13},"end":{"line":14,"column":25}},"loc":{"start":{"line":14,"column":28},"end":{"line":16,"column":5}},"line":14},"3":{"name":"(anonymous_3)","decl":{"start":{"line":18,"column":11},"end":{"line":18,"column":12}},"loc":{"start":{"line":18,"column":17},"end":{"line":18,"column":67}},"line":18},"4":{"name":"(anonymous_4)","decl":{"start":{"line":21,"column":14},"end":{"line":21,"column":15}},"loc":{"start":{"line":21,"column":20},"end":{"line":33,"column":5}},"line":21},"5":{"name":"(anonymous_5)","decl":{"start":{"line":39,"column":23},"end":{"line":39,"column":24}},"loc":{"start":{"line":39,"column":27},"end":{"line":42,"column":5}},"line":39},"6":{"name":"(anonymous_6)","decl":{"start":{"line":39,"column":27},"end":{"line":39,"column":28}},"loc":{"start":{"line":39,"column":36},"end":{"line":42,"column":5}},"line":39},"7":{"name":"(anonymous_7)","decl":{"start":{"line":44,"column":27},"end":{"line":44,"column":28}},"loc":{"start":{"line":44,"column":33},"end":{"line":47,"column":5}},"line":44},"8":{"name":"(anonymous_8)","decl":{"start":{"line":46,"column":25},"end":{"line":46,"column":26}},"loc":{"start":{"line":46,"column":39},"end":{"line":46,"column":63}},"line":46},"9":{"name":"(anonymous_9)","decl":{"start":{"line":48,"column":28},"end":{"line":48,"column":29}},"loc":{"start":{"line":48,"column":34},"end":{"line":48,"column":67}},"line":48},"10":{"name":"(anonymous_10)","decl":{"start":{"line":50,"column":14},"end":{"line":50,"column":15}},"loc":{"start":{"line":50,"column":18},"end":{"line":55,"column":5}},"line":50},"11":{"name":"(anonymous_11)","decl":{"start":{"line":58,"column":23},"end":{"line":58,"column":24}},"loc":{"start":{"line":58,"column":28},"end":{"line":67,"column":5}},"line":58},"12":{"name":"firstValidation","decl":{"start":{"line":70,"column":13},"end":{"line":70,"column":28}},"loc":{"start":{"line":70,"column":74},"end":{"line":132,"column":5}},"line":70},"13":{"name":"(anonymous_13)","decl":{"start":{"line":77,"column":27},"end":{"line":77,"column":28}},"loc":{"start":{"line":77,"column":37},"end":{"line":79,"column":17}},"line":77},"14":{"name":"(anonymous_14)","decl":{"start":{"line":84,"column":27},"end":{"line":84,"column":28}},"loc":{"start":{"line":84,"column":37},"end":{"line":86,"column":17}},"line":84},"15":{"name":"(anonymous_15)","decl":{"start":{"line":93,"column":27},"end":{"line":93,"column":28}},"loc":{"start":{"line":93,"column":37},"end":{"line":95,"column":17}},"line":93},"16":{"name":"(anonymous_16)","decl":{"start":{"line":100,"column":27},"end":{"line":100,"column":28}},"loc":{"start":{"line":100,"column":37},"end":{"line":102,"column":17}},"line":100},"17":{"name":"(anonymous_17)","decl":{"start":{"line":110,"column":27},"end":{"line":110,"column":28}},"loc":{"start":{"line":110,"column":37},"end":{"line":112,"column":17}},"line":110},"18":{"name":"(anonymous_18)","decl":{"start":{"line":117,"column":27},"end":{"line":117,"column":28}},"loc":{"start":{"line":117,"column":37},"end":{"line":119,"column":17}},"line":117},"19":{"name":"(anonymous_19)","decl":{"start":{"line":125,"column":27},"end":{"line":125,"column":28}},"loc":{"start":{"line":125,"column":37},"end":{"line":128,"column":17}},"line":125},"20":{"name":"checkLength","decl":{"start":{"line":136,"column":13},"end":{"line":136,"column":24}},"loc":{"start":{"line":136,"column":31},"end":{"line":150,"column":5}},"line":136},"21":{"name":"(anonymous_21)","decl":{"start":{"line":152,"column":26},"end":{"line":152,"column":27}},"loc":{"start":{"line":152,"column":30},"end":{"line":152,"column":140}},"line":152}},"branchMap":{"0":{"loc":{"start":{"line":22,"column":8},"end":{"line":31,"column":9}},"type":"if","locations":[{"start":{"line":22,"column":8},"end":{"line":31,"column":9}},{"start":{"line":25,"column":13},"end":{"line":31,"column":9}}],"line":22},"1":{"loc":{"start":{"line":25,"column":13},"end":{"line":31,"column":9}},"type":"if","locations":[{"start":{"line":25,"column":13},"end":{"line":31,"column":9}},{"start":{"line":28,"column":13},"end":{"line":31,"column":9}}],"line":25},"2":{"loc":{"start":{"line":28,"column":13},"end":{"line":31,"column":9}},"type":"if","locations":[{"start":{"line":28,"column":13},"end":{"line":31,"column":9}},{"start":{},"end":{}}],"line":28},"3":{"loc":{"start":{"line":62,"column":8},"end":{"line":66,"column":9}},"type":"if","locations":[{"start":{"line":62,"column":8},"end":{"line":66,"column":9}},{"start":{},"end":{}}],"line":62},"4":{"loc":{"start":{"line":71,"column":25},"end":{"line":71,"column":46}},"type":"binary-expr","locations":[{"start":{"line":71,"column":25},"end":{"line":71,"column":42}},{"start":{"line":71,"column":44},"end":{"line":71,"column":46}}],"line":71},"5":{"loc":{"start":{"line":74,"column":8},"end":{"line":80,"column":9}},"type":"if","locations":[{"start":{"line":74,"column":8},"end":{"line":80,"column":9}},{"start":{},"end":{}}],"line":74},"6":{"loc":{"start":{"line":81,"column":8},"end":{"line":87,"column":9}},"type":"if","locations":[{"start":{"line":81,"column":8},"end":{"line":87,"column":9}},{"start":{},"end":{}}],"line":81},"7":{"loc":{"start":{"line":90,"column":8},"end":{"line":96,"column":9}},"type":"if","locations":[{"start":{"line":90,"column":8},"end":{"line":96,"column":9}},{"start":{},"end":{}}],"line":90},"8":{"loc":{"start":{"line":97,"column":8},"end":{"line":103,"column":9}},"type":"if","locations":[{"start":{"line":97,"column":8},"end":{"line":103,"column":9}},{"start":{},"end":{}}],"line":97},"9":{"loc":{"start":{"line":104,"column":8},"end":{"line":113,"column":5}},"type":"if","locations":[{"start":{"line":104,"column":8},"end":{"line":113,"column":5}},{"start":{},"end":{}}],"line":104},"10":{"loc":{"start":{"line":114,"column":8},"end":{"line":120,"column":9}},"type":"if","locations":[{"start":{"line":114,"column":8},"end":{"line":120,"column":9}},{"start":{},"end":{}}],"line":114},"11":{"loc":{"start":{"line":121,"column":8},"end":{"line":129,"column":9}},"type":"if","locations":[{"start":{"line":121,"column":8},"end":{"line":129,"column":9}},{"start":{},"end":{}}],"line":121},"12":{"loc":{"start":{"line":139,"column":8},"end":{"line":147,"column":9}},"type":"if","locations":[{"start":{"line":139,"column":8},"end":{"line":147,"column":9}},{"start":{"line":142,"column":13},"end":{"line":147,"column":9}}],"line":139},"13":{"loc":{"start":{"line":142,"column":13},"end":{"line":147,"column":9}},"type":"if","locations":[{"start":{"line":142,"column":13},"end":{"line":147,"column":9}},{"start":{"line":145,"column":13},"end":{"line":147,"column":9}}],"line":142},"14":{"loc":{"start":{"line":145,"column":13},"end":{"line":147,"column":9}},"type":"if","locations":[{"start":{"line":145,"column":13},"end":{"line":147,"column":9}},{"start":{},"end":{}}],"line":145},"15":{"loc":{"start":{"line":152,"column":43},"end":{"line":152,"column":139}},"type":"cond-expr","locations":[{"start":{"line":152,"column":72},"end":{"line":152,"column":104}},{"start":{"line":152,"column":105},"end":{"line":152,"column":139}}],"line":152},"16":{"loc":{"start":{"line":164,"column":25},"end":{"line":164,"column":123}},"type":"binary-expr","locations":[{"start":{"line":164,"column":25},"end":{"line":164,"column":41}},{"start":{"line":164,"column":43},"end":{"line":164,"column":123}}],"line":164},"17":{"loc":{"start":{"line":166,"column":17},"end":{"line":166,"column":91}},"type":"binary-expr","locations":[{"start":{"line":166,"column":17},"end":{"line":166,"column":34}},{"start":{"line":166,"column":36},"end":{"line":166,"column":91}}],"line":166},"18":{"loc":{"start":{"line":169,"column":21},"end":{"line":169,"column":120}},"type":"binary-expr","locations":[{"start":{"line":169,"column":21},"end":{"line":169,"column":36}},{"start":{"line":169,"column":38},"end":{"line":169,"column":120}}],"line":169},"19":{"loc":{"start":{"line":172,"column":16},"end":{"line":172,"column":89}},"type":"binary-expr","locations":[{"start":{"line":172,"column":16},"end":{"line":172,"column":32}},{"start":{"line":172,"column":34},"end":{"line":172,"column":89}}],"line":172},"20":{"loc":{"start":{"line":175,"column":17},"end":{"line":175,"column":110}},"type":"binary-expr","locations":[{"start":{"line":175,"column":17},"end":{"line":175,"column":29}},{"start":{"line":175,"column":31},"end":{"line":175,"column":110}}],"line":175},"21":{"loc":{"start":{"line":177,"column":13},"end":{"line":177,"column":83}},"type":"binary-expr","locations":[{"start":{"line":177,"column":13},"end":{"line":177,"column":26}},{"start":{"line":177,"column":28},"end":{"line":177,"column":83}}],"line":177},"22":{"loc":{"start":{"line":181,"column":17},"end":{"line":181,"column":119}},"type":"binary-expr","locations":[{"start":{"line":181,"column":17},"end":{"line":181,"column":32}},{"start":{"line":181,"column":34},"end":{"line":181,"column":119}}],"line":181},"23":{"loc":{"start":{"line":183,"column":13},"end":{"line":183,"column":86}},"type":"binary-expr","locations":[{"start":{"line":183,"column":13},"end":{"line":183,"column":29}},{"start":{"line":183,"column":31},"end":{"line":183,"column":86}}],"line":183},"24":{"loc":{"start":{"line":187,"column":17},"end":{"line":187,"column":115}},"type":"binary-expr","locations":[{"start":{"line":187,"column":17},"end":{"line":187,"column":34}},{"start":{"line":187,"column":36},"end":{"line":187,"column":115}}],"line":187}},"s":{"0":5,"1":24,"2":24,"3":24,"4":0,"5":12,"6":12,"7":12,"8":24,"9":12,"10":0,"11":12,"12":12,"13":0,"14":0,"15":24,"16":24,"17":120,"18":0,"19":0,"20":24,"21":24,"22":0,"23":0,"24":24,"25":0,"26":24,"27":24,"28":12,"29":24,"30":24,"31":0,"32":0,"33":0,"34":0,"35":0,"36":0,"37":0,"38":0,"39":0,"40":0,"41":0,"42":0,"43":0,"44":0,"45":0,"46":0,"47":0,"48":0,"49":0,"50":0,"51":0,"52":0,"53":0,"54":0,"55":0,"56":0,"57":0,"58":0,"59":0,"60":0,"61":0,"62":0,"63":0,"64":0,"65":0,"66":0,"67":0,"68":0,"69":0,"70":0,"71":0,"72":0,"73":0,"74":0,"75":0,"76":0,"77":0,"78":0,"79":0,"80":0,"81":0,"82":0,"83":24,"84":24,"85":0,"86":24},"f":{"0":24,"1":12,"2":0,"3":12,"4":12,"5":120,"6":0,"7":0,"8":0,"9":0,"10":12,"11":0,"12":0,"13":0,"14":0,"15":0,"16":0,"17":0,"18":0,"19":0,"20":0,"21":0},"b":{"0":[0,12],"1":[12,0],"2":[0,0],"3":[0,0],"4":[0,0],"5":[0,0],"6":[0,0],"7":[0,0],"8":[0,0],"9":[0,0],"10":[0,0],"11":[0,0],"12":[0,0],"13":[0,0],"14":[0,0],"15":[0,0],"16":[24,0],"17":[24,24],"18":[24,0],"19":[24,24],"20":[24,0],"21":[24,24],"22":[24,0],"23":[24,24],"24":[24,0]},"_coverageSchema":"1a1c01bbd47fc00a2c39e90264f33305004495a9","hash":"c33a1aa81e16c9202d91592a5d21b93cabf3dd2e"}
,"C:\\Users\\Ayelen\\Documents\\grupo-02\\frontend\\proyecto\\src\\components\\pages\\Home.jsx": {"path":"C:\\Users\\Ayelen\\Documents\\grupo-02\\frontend\\proyecto\\src\\components\\pages\\Home.jsx","statementMap":{"0":{"start":{"line":10,"column":20},"end":{"line":28,"column":1}},"1":{"start":{"line":11,"column":4},"end":{"line":27,"column":5}}},"fnMap":{"0":{"name":"(anonymous_0)","decl":{"start":{"line":10,"column":20},"end":{"line":10,"column":21}},"loc":{"start":{"line":10,"column":26},"end":{"line":28,"column":1}},"line":10}},"branchMap":{},"s":{"0":4,"1":35},"f":{"0":35},"b":{},"_coverageSchema":"1a1c01bbd47fc00a2c39e90264f33305004495a9","hash":"2e95c17385aebb1b77233a5f90ca810d322b0059"}
,"C:\\Users\\Ayelen\\Documents\\grupo-02\\frontend\\proyecto\\src\\components\\pages\\Login.jsx": {"path":"C:\\Users\\Ayelen\\Documents\\grupo-02\\frontend\\proyecto\\src\\components\\pages\\Login.jsx","statementMap":{"0":{"start":{"line":6,"column":21},"end":{"line":24,"column":1}},"1":{"start":{"line":7,"column":2},"end":{"line":23,"column":3}}},"fnMap":{"0":{"name":"(anonymous_0)","decl":{"start":{"line":6,"column":21},"end":{"line":6,"column":22}},"loc":{"start":{"line":6,"column":27},"end":{"line":24,"column":1}},"line":6}},"branchMap":{},"s":{"0":4,"1":13},"f":{"0":13},"b":{},"_coverageSchema":"1a1c01bbd47fc00a2c39e90264f33305004495a9","hash":"72d2b09461e514d9dfe2068c5083eea85aca14a9"}
,"C:\\Users\\Ayelen\\Documents\\grupo-02\\frontend\\proyecto\\src\\components\\pages\\Product.jsx": {"path":"C:\\Users\\Ayelen\\Documents\\grupo-02\\frontend\\proyecto\\src\\components\\pages\\Product.jsx","statementMap":{"0":{"start":{"line":11,"column":23},"end":{"line":29,"column":1}},"1":{"start":{"line":12,"column":2},"end":{"line":28,"column":3}}},"fnMap":{"0":{"name":"(anonymous_0)","decl":{"start":{"line":11,"column":23},"end":{"line":11,"column":24}},"loc":{"start":{"line":11,"column":29},"end":{"line":29,"column":1}},"line":11}},"branchMap":{},"s":{"0":4,"1":33},"f":{"0":33},"b":{},"_coverageSchema":"1a1c01bbd47fc00a2c39e90264f33305004495a9","hash":"62133d8a94eb6aab4826865e65758dfb31a2e428"}
,"C:\\Users\\Ayelen\\Documents\\grupo-02\\frontend\\proyecto\\src\\components\\pages\\SignUp.jsx": {"path":"C:\\Users\\Ayelen\\Documents\\grupo-02\\frontend\\proyecto\\src\\components\\pages\\SignUp.jsx","statementMap":{"0":{"start":{"line":6,"column":22},"end":{"line":17,"column":1}},"1":{"start":{"line":7,"column":2},"end":{"line":16,"column":3}}},"fnMap":{"0":{"name":"(anonymous_0)","decl":{"start":{"line":6,"column":22},"end":{"line":6,"column":23}},"loc":{"start":{"line":6,"column":28},"end":{"line":17,"column":1}},"line":6}},"branchMap":{},"s":{"0":5,"1":6},"f":{"0":6},"b":{},"_coverageSchema":"1a1c01bbd47fc00a2c39e90264f33305004495a9","hash":"2f47d0e3376a17358c77de7c376b6edf8387959a"}
}
