TN:
SF:src\App.js
FN:8,App
FNF:1
FNH:1
FNDA:2,App
DA:9,2
LF:1
LH:1
BRF:0
BRH:0
end_of_record
TN:
SF:src\credentials.js
FNF:0
FNH:0
LF:0
LH:0
BRF:0
BRH:0
end_of_record
TN:
SF:src\components\Producto.jsx
FN:10,Producto
FN:27,(anonymous_1)
FN:32,(anonymous_2)
FNF:3
FNH:2
FNDA:32,Producto
FNDA:0,(anonymous_1)
FNDA:160,(anonymous_2)
DA:11,32
DA:18,32
DA:19,32
DA:26,32
DA:27,32
DA:28,32
DA:32,160
LF:7
LH:7
BRDA:27,0,0,0
BRDA:27,0,1,0
BRF:2
BRH:0
end_of_record
TN:
SF:src\components\atoms\Avatar\Avatar.jsx
FN:6,(anonymous_0)
FNF:1
FNH:0
FNDA:0,(anonymous_0)
DA:6,5
DA:8,0
DA:11,0
DA:12,0
DA:19,5
DA:25,5
LF:6
LH:3
BRF:0
BRH:0
end_of_record
TN:
SF:src\components\atoms\Button\Button.jsx
FN:8,(anonymous_0)
FN:32,(anonymous_1)
FNF:2
FNH:2
FNDA:560,(anonymous_0)
FNDA:4,(anonymous_1)
DA:8,5
DA:9,560
DA:14,560
DA:21,5
DA:28,5
LF:5
LH:5
BRF:0
BRH:0
end_of_record
TN:
SF:src\components\atoms\Heading\Heading.jsx
FN:5,(anonymous_0)
FNF:1
FNH:1
FNDA:768,(anonymous_0)
DA:5,5
DA:8,768
DA:13,768
DA:19,5
DA:26,5
LF:5
LH:5
BRDA:13,0,0,134
BRDA:13,0,1,634
BRDA:13,1,0,366
BRDA:13,1,1,268
BRDA:14,2,0,172
BRDA:14,2,1,96
BRF:6
BRH:6
end_of_record
TN:
SF:src\components\atoms\Icon\Icon.jsx
FN:5,(anonymous_0)
FN:20,(anonymous_1)
FNF:2
FNH:1
FNDA:1553,(anonymous_0)
FNDA:0,(anonymous_1)
DA:5,5
DA:7,1553
DA:15,5
DA:19,5
LF:4
LH:4
BRF:0
BRH:0
end_of_record
TN:
SF:src\components\atoms\Icon\helpers.js
FN:95,(anonymous_0)
FN:96,(anonymous_1)
FNF:2
FNH:2
FNDA:1553,(anonymous_0)
FNDA:3106,(anonymous_1)
DA:44,5
DA:88,5
DA:89,5
DA:95,1553
DA:96,3106
LF:5
LH:5
BRF:0
BRH:0
end_of_record
TN:
SF:src\components\atoms\Input\Input.jsx
FN:5,(anonymous_0)
FNF:1
FNH:1
FNDA:236,(anonymous_0)
DA:5,5
DA:7,236
DA:13,236
DA:20,5
DA:29,5
LF:5
LH:5
BRDA:15,0,0,236
BRDA:15,0,1,0
BRF:2
BRH:1
end_of_record
TN:
SF:src\components\atoms\Label\Label.jsx
FN:4,(anonymous_0)
FNF:1
FNH:1
FNDA:236,(anonymous_0)
DA:4,5
DA:5,236
DA:10,5
LF:3
LH:3
BRF:0
BRH:0
end_of_record
TN:
SF:src\components\atoms\Picture\Picture.jsx
FN:5,(anonymous_0)
FNF:1
FNH:1
FNDA:172,(anonymous_0)
DA:5,5
DA:6,172
DA:11,5
LF:3
LH:3
BRF:0
BRH:0
end_of_record
TN:
SF:src\components\atoms\Picture\helpers.js
FN:19,(anonymous_0)
FN:20,(anonymous_1)
FN:21,(anonymous_2)
FNF:3
FNH:3
FNDA:172,(anonymous_0)
FNDA:172,(anonymous_1)
FNDA:172,(anonymous_2)
DA:4,5
DA:7,5
DA:13,5
DA:19,172
DA:20,172
DA:21,172
LF:6
LH:6
BRF:0
BRH:0
end_of_record
TN:
SF:src\components\atoms\Spacer\SpacerHorizontal.jsx
FN:4,(anonymous_0)
FNF:1
FNH:1
FNDA:306,(anonymous_0)
DA:4,5
DA:5,306
DA:10,5
LF:3
LH:3
BRF:0
BRH:0
end_of_record
TN:
SF:src\components\atoms\Spacer\helpers.js
FN:11,(anonymous_0)
FNF:1
FNH:1
FNDA:306,(anonymous_0)
DA:3,5
DA:11,306
LF:2
LH:2
BRF:0
BRH:0
end_of_record
TN:
SF:src\components\atoms\Span\Span.jsx
FN:6,(anonymous_0)
FN:32,(anonymous_1)
FNF:2
FNH:0
FNDA:0,(anonymous_0)
FNDA:0,(anonymous_1)
DA:6,5
DA:8,0
DA:13,0
DA:20,5
DA:28,5
LF:5
LH:3
BRF:0
BRH:0
end_of_record
TN:
SF:src\components\atoms\paragraph\Paragraph.jsx
FN:6,(anonymous_0)
FNF:1
FNH:1
FNDA:736,(anonymous_0)
DA:6,5
DA:8,736
DA:12,736
DA:19,5
DA:26,5
LF:5
LH:5
BRF:0
BRH:0
end_of_record
TN:
SF:src\components\molecules\CardCategory\CardCategory.jsx
FN:8,(anonymous_0)
FNF:1
FNH:0
FNDA:0,(anonymous_0)
DA:8,4
DA:9,0
DA:12,0
DA:27,4
DA:34,4
LF:5
LH:3
BRF:0
BRH:0
end_of_record
TN:
SF:src\components\molecules\CardProduct\CardProduct.jsx
FN:10,(anonymous_0)
FN:25,(anonymous_1)
FN:36,(anonymous_2)
FN:37,(anonymous_3)
FN:38,(anonymous_4)
FN:39,(anonymous_5)
FN:40,(anonymous_6)
FN:57,(anonymous_7)
FN:66,(anonymous_8)
FN:67,(anonymous_9)
FN:85,(anonymous_10)
FNF:11
FNH:0
FNDA:0,(anonymous_0)
FNDA:0,(anonymous_1)
FNDA:0,(anonymous_2)
FNDA:0,(anonymous_3)
FNDA:0,(anonymous_4)
FNDA:0,(anonymous_5)
FNDA:0,(anonymous_6)
FNDA:0,(anonymous_7)
FNDA:0,(anonymous_8)
FNDA:0,(anonymous_9)
FNDA:0,(anonymous_10)
DA:10,4
DA:18,0
LF:2
LH:1
BRF:0
BRH:0
end_of_record
TN:
SF:src\components\molecules\Carousel\Carousel.jsx
FN:10,(anonymous_0)
FN:13,(anonymous_1)
FN:14,handleResize
FN:18,(anonymous_3)
FN:21,(anonymous_4)
FNF:5
FNH:4
FNDA:65,(anonymous_0)
FNDA:32,(anonymous_1)
FNDA:0,handleResize
FNDA:32,(anonymous_3)
FNDA:32,(anonymous_4)
DA:10,4
DA:11,65
DA:12,64
DA:13,64
DA:15,0
DA:17,32
DA:18,32
DA:21,64
DA:22,32
DA:23,0
DA:25,32
DA:26,0
DA:28,32
DA:29,32
DA:40,64
LF:15
LH:12
BRDA:22,0,0,0
BRDA:22,0,1,32
BRDA:25,1,0,0
BRDA:25,1,1,32
BRDA:28,2,0,32
BRDA:28,2,1,0
BRF:6
BRH:3
end_of_record
TN:
SF:src\components\molecules\Carousel\Versions\DesktopCarousel.jsx
FN:10,(anonymous_0)
FN:13,(anonymous_1)
FN:13,(anonymous_2)
FN:23,(anonymous_3)
FNF:4
FNH:2
FNDA:64,(anonymous_0)
FNDA:0,(anonymous_1)
FNDA:0,(anonymous_2)
FNDA:320,(anonymous_3)
DA:10,4
DA:11,64
DA:12,64
DA:13,64
DA:14,64
DA:23,320
LF:6
LH:6
BRDA:13,0,0,0
BRDA:13,0,1,0
BRF:2
BRH:0
end_of_record
TN:
SF:src\components\molecules\Carousel\Versions\MobileCarousel.jsx
FN:11,MobileCarousel
FN:26,(anonymous_1)
FN:31,(anonymous_2)
FNF:3
FNH:0
FNDA:0,MobileCarousel
FNDA:0,(anonymous_1)
FNDA:0,(anonymous_2)
DA:13,0
DA:14,0
DA:25,0
DA:26,0
DA:27,0
DA:31,0
LF:6
LH:0
BRDA:26,0,0,0
BRDA:26,0,1,0
BRF:2
BRH:0
end_of_record
TN:
SF:src\components\molecules\Carousel\Versions\TabletCarousel.jsx
FN:11,TabletCarousel
FN:27,(anonymous_1)
FN:33,(anonymous_2)
FNF:3
FNH:0
FNDA:0,TabletCarousel
FNDA:0,(anonymous_1)
FNDA:0,(anonymous_2)
DA:13,0
DA:14,0
DA:26,0
DA:27,0
DA:28,0
DA:33,0
LF:6
LH:0
BRDA:27,0,0,0
BRDA:27,0,1,0
BRF:2
BRH:0
end_of_record
TN:
SF:src\components\molecules\DropCalendar\CalendarDrop.jsx
FN:12,(anonymous_0)
FN:18,(anonymous_1)
FN:26,(anonymous_2)
FN:27,handleResize
FN:31,(anonymous_4)
FN:34,(anonymous_5)
FN:46,(anonymous_6)
FN:62,(anonymous_7)
FN:66,(anonymous_8)
FN:79,(anonymous_9)
FNF:10
FNH:4
FNDA:105,(anonymous_0)
FNDA:0,(anonymous_1)
FNDA:70,(anonymous_2)
FNDA:0,handleResize
FNDA:70,(anonymous_4)
FNDA:70,(anonymous_5)
FNDA:0,(anonymous_6)
FNDA:0,(anonymous_7)
FNDA:0,(anonymous_8)
FNDA:0,(anonymous_9)
DA:12,4
DA:14,105
DA:17,105
DA:18,105
DA:20,105
DA:25,105
DA:26,105
DA:28,0
DA:30,70
DA:31,70
DA:34,105
DA:35,70
DA:36,0
DA:47,0
DA:50,70
DA:51,70
DA:63,0
DA:66,0
DA:67,0
DA:80,0
DA:88,105
LF:21
LH:14
BRDA:35,0,0,0
BRDA:35,0,1,70
BRDA:50,1,0,70
BRDA:50,1,1,0
BRDA:50,2,0,70
BRDA:50,2,1,70
BRDA:66,3,0,0
BRDA:66,3,1,0
BRF:8
BRH:4
end_of_record
TN:
SF:src\components\molecules\InputIcon\InputIcon.jsx
FN:8,(anonymous_0)
FN:31,(anonymous_1)
FNF:2
FNH:1
FNDA:82,(anonymous_0)
FNDA:0,(anonymous_1)
DA:8,5
DA:9,82
DA:14,82
DA:26,5
DA:30,5
LF:5
LH:5
BRF:0
BRH:0
end_of_record
TN:
SF:src\components\molecules\InputIcon\helpers.js
FN:1,(anonymous_0)
FNF:1
FNH:0
FNDA:0,(anonymous_0)
DA:1,5
LF:1
LH:1
BRF:0
BRH:0
end_of_record
TN:
SF:src\components\molecules\InputLabel\InputLabel.jsx
FN:8,(anonymous_0)
FNF:1
FNH:1
FNDA:236,(anonymous_0)
DA:8,5
DA:9,236
DA:12,236
DA:24,5
DA:27,5
LF:5
LH:5
BRDA:16,0,0,82
BRDA:16,0,1,154
BRF:2
BRH:2
end_of_record
TN:
SF:src\components\molecules\LocationInfo\LocationInfo.jsx
FN:5,(anonymous_0)
FNF:1
FNH:1
FNDA:32,(anonymous_0)
DA:5,4
DA:6,32
DA:8,32
LF:3
LH:3
BRDA:16,0,0,32
BRDA:16,0,1,0
BRDA:16,0,2,32
BRDA:16,0,3,0
BRDA:16,0,4,32
BRDA:16,0,5,0
BRDA:16,0,6,32
BRDA:16,0,7,32
BRDA:16,0,8,0
BRDA:16,0,9,0
BRF:10
BRH:5
end_of_record
TN:
SF:src\components\molecules\Map\Map.jsx
FN:7,(anonymous_0)
FN:14,LoadedMap
FN:21,(anonymous_2)
FN:22,(anonymous_3)
FNF:4
FNH:1
FNDA:32,(anonymous_0)
FNDA:0,LoadedMap
FNDA:0,(anonymous_2)
FNDA:0,(anonymous_3)
DA:7,4
DA:8,32
DA:10,32
DA:11,0
DA:18,0
DA:20,0
DA:21,0
DA:22,0
DA:26,0
DA:27,0
DA:29,0
DA:40,0
LF:12
LH:3
BRDA:10,0,0,32
BRDA:10,0,1,0
BRF:2
BRH:1
end_of_record
TN:
SF:src\components\molecules\MockUpCard\MockUp.jsx
FN:3,(anonymous_0)
FNF:1
FNH:1
FNDA:542,(anonymous_0)
DA:3,4
DA:4,542
LF:2
LH:2
BRF:0
BRH:0
end_of_record
TN:
SF:src\components\molecules\ProductDescription\ProductDescription.jsx
FN:5,(anonymous_0)
FN:16,(anonymous_1)
FNF:2
FNH:2
FNDA:32,(anonymous_0)
FNDA:96,(anonymous_1)
DA:5,4
DA:6,32
DA:12,32
DA:16,96
LF:4
LH:4
BRF:0
BRH:0
end_of_record
TN:
SF:src\components\molecules\ProductHeader\ProductHeader.jsx
FN:11,(anonymous_0)
FNF:1
FNH:1
FNDA:32,(anonymous_0)
DA:11,4
DA:12,32
DA:33,32
LF:3
LH:3
BRF:0
BRH:0
end_of_record
TN:
SF:src\components\molecules\ProductServices\ProductServices.jsx
FN:6,(anonymous_0)
FN:20,(anonymous_1)
FNF:2
FNH:2
FNDA:32,(anonymous_0)
FNDA:192,(anonymous_1)
DA:6,4
DA:7,32
DA:12,32
DA:20,192
LF:4
LH:4
BRF:0
BRH:0
end_of_record
TN:
SF:src\components\organisms\Categories\CategoriesDesktop.jsx
FN:8,(anonymous_0)
FN:12,(anonymous_1)
FN:14,(anonymous_2)
FN:20,(anonymous_3)
FN:31,(anonymous_4)
FNF:5
FNH:2
FNDA:35,(anonymous_0)
FNDA:35,(anonymous_1)
FNDA:0,(anonymous_2)
FNDA:0,(anonymous_3)
FNDA:0,(anonymous_4)
DA:8,4
DA:9,35
DA:10,35
DA:11,35
DA:12,35
DA:14,35
DA:15,0
DA:16,0
DA:17,0
DA:20,35
DA:22,35
DA:32,0
LF:12
LH:8
BRDA:28,0,0,35
BRDA:28,0,1,0
BRDA:28,1,0,35
BRDA:28,1,1,0
BRF:4
BRH:2
end_of_record
TN:
SF:src\components\organisms\Filter\Filter.jsx
FN:6,(anonymous_0)
FN:10,(anonymous_1)
FN:11,handleResize
FN:15,(anonymous_3)
FN:18,(anonymous_4)
FNF:5
FNH:4
FNDA:70,(anonymous_0)
FNDA:35,(anonymous_1)
FNDA:0,handleResize
FNDA:35,(anonymous_3)
FNDA:35,(anonymous_4)
DA:6,4
DA:8,70
DA:9,70
DA:10,70
DA:12,0
DA:14,35
DA:15,35
DA:18,70
DA:19,35
DA:20,0
DA:22,35
DA:23,35
DA:25,0
DA:26,0
DA:39,70
LF:15
LH:11
BRDA:19,0,0,0
BRDA:19,0,1,35
BRDA:22,1,0,35
BRDA:22,1,1,0
BRDA:25,2,0,0
BRDA:25,2,1,0
BRF:6
BRH:2
end_of_record
TN:
SF:src\components\organisms\Filter\Versions\DesktopFilter.jsx
FN:8,(anonymous_0)
FNF:1
FNH:1
FNDA:35,(anonymous_0)
DA:8,4
DA:9,35
LF:2
LH:2
BRF:0
BRH:0
end_of_record
TN:
SF:src\components\organisms\Filter\Versions\MobileFilter.jsx
FN:11,(anonymous_0)
FNF:1
FNH:0
FNDA:0,(anonymous_0)
DA:11,4
DA:12,0
DA:31,4
LF:3
LH:2
BRF:0
BRH:0
end_of_record
TN:
SF:src\components\organisms\Filter\Versions\TabletFilter.jsx
FN:9,(anonymous_0)
FNF:1
FNH:1
FNDA:35,(anonymous_0)
DA:9,4
DA:10,35
LF:2
LH:2
BRF:0
BRH:0
end_of_record
TN:
SF:src\components\organisms\Footer\Footer.jsx
FN:6,(anonymous_0)
FN:9,(anonymous_1)
FN:10,handleResize
FN:14,(anonymous_3)
FN:17,(anonymous_4)
FNF:5
FNH:4
FNDA:172,(anonymous_0)
FNDA:86,(anonymous_1)
FNDA:0,handleResize
FNDA:86,(anonymous_3)
FNDA:86,(anonymous_4)
DA:6,5
DA:7,172
DA:8,172
DA:9,172
DA:11,0
DA:13,86
DA:14,86
DA:17,172
DA:18,86
DA:19,0
DA:22,86
DA:26,172
DA:33,5
LF:13
LH:11
BRDA:18,0,0,0
BRDA:18,0,1,86
BRF:2
BRH:1
end_of_record
TN:
SF:src\components\organisms\Footer\Versions\FooterDesktopTablet.jsx
FN:6,(anonymous_0)
FNF:1
FNH:1
FNDA:172,(anonymous_0)
DA:6,5
DA:7,172
DA:22,5
LF:3
LH:3
BRF:0
BRH:0
end_of_record
TN:
SF:src\components\organisms\Footer\Versions\FooterMobile.jsx
FN:5,(anonymous_0)
FNF:1
FNH:0
FNDA:0,(anonymous_0)
DA:5,5
DA:6,0
DA:15,5
LF:3
LH:2
BRF:0
BRH:0
end_of_record
TN:
SF:src\components\organisms\Header\Header.jsx
FN:6,(anonymous_0)
FN:11,(anonymous_1)
FN:19,(anonymous_2)
FN:20,handleResize
FN:24,(anonymous_4)
FN:27,(anonymous_5)
FNF:6
FNH:4
FNDA:172,(anonymous_0)
FNDA:0,(anonymous_1)
FNDA:86,(anonymous_2)
FNDA:0,handleResize
FNDA:86,(anonymous_4)
FNDA:86,(anonymous_5)
DA:6,5
DA:8,172
DA:10,172
DA:11,172
DA:12,0
DA:13,0
DA:17,172
DA:18,172
DA:19,172
DA:21,0
DA:23,86
DA:24,86
DA:27,172
DA:28,86
DA:29,0
DA:31,86
DA:32,86
DA:34,0
DA:35,0
DA:40,172
DA:49,5
LF:21
LH:15
BRDA:10,0,0,0
BRDA:10,0,1,172
BRDA:10,1,0,0
BRDA:10,1,1,172
BRDA:28,2,0,0
BRDA:28,2,1,86
BRDA:31,3,0,86
BRDA:31,3,1,0
BRDA:34,4,0,0
BRDA:34,4,1,0
BRF:10
BRH:4
end_of_record
TN:
SF:src\components\organisms\Header\Versions\DesktopHeader.jsx
FN:11,(anonymous_0)
FNF:1
FNH:1
FNDA:86,(anonymous_0)
DA:11,5
DA:13,86
LF:2
LH:2
BRDA:23,0,0,0
BRDA:23,0,1,86
BRDA:23,1,0,86
BRDA:23,1,1,0
BRDA:32,2,0,86
BRDA:32,2,1,86
BRDA:35,3,0,86
BRDA:35,3,1,86
BRF:8
BRH:6
end_of_record
TN:
SF:src\components\organisms\Header\Versions\MobileHeader.jsx
FN:12,(anonymous_0)
FN:17,(anonymous_1)
FN:77,(anonymous_2)
FN:77,(anonymous_3)
FN:77,(anonymous_4)
FN:77,(anonymous_5)
FNF:6
FNH:0
FNDA:0,(anonymous_0)
FNDA:0,(anonymous_1)
FNDA:0,(anonymous_2)
FNDA:0,(anonymous_3)
FNDA:0,(anonymous_4)
FNDA:0,(anonymous_5)
DA:12,5
DA:16,0
DA:17,0
DA:19,0
DA:23,0
DA:86,5
LF:6
LH:2
BRDA:35,0,0,0
BRDA:35,0,1,0
BRDA:35,1,0,0
BRDA:35,1,1,0
BRDA:60,2,0,0
BRDA:60,2,1,0
BRDA:61,3,0,0
BRDA:61,3,1,0
BRDA:61,3,2,0
BRDA:62,4,0,0
BRDA:62,4,1,0
BRF:11
BRH:0
end_of_record
TN:
SF:src\components\organisms\Header\Versions\TabletHeader.jsx
FN:13,(anonymous_0)
FNF:1
FNH:1
FNDA:86,(anonymous_0)
DA:13,5
DA:15,86
LF:2
LH:2
BRDA:22,0,0,0
BRDA:22,0,1,86
BRDA:22,1,0,86
BRDA:22,1,1,0
BRDA:31,2,0,86
BRDA:31,2,1,86
BRDA:34,3,0,86
BRDA:34,3,1,86
BRF:8
BRH:6
end_of_record
TN:
SF:src\components\organisms\Login\LoginForm.jsx
FN:11,(anonymous_0)
FN:15,(anonymous_1)
FN:16,handleResize
FN:20,(anonymous_3)
FN:23,(anonymous_4)
FN:41,(anonymous_5)
FN:41,(anonymous_6)
FN:46,(anonymous_7)
FN:48,(anonymous_8)
FN:50,(anonymous_9)
FN:53,(anonymous_10)
FN:61,(anonymous_11)
FN:74,firstValidation
FN:82,(anonymous_13)
FN:89,(anonymous_14)
FN:99,(anonymous_15)
FN:106,(anonymous_16)
FN:115,checkLength
FN:131,(anonymous_18)
FNF:19
FNH:7
FNDA:59,(anonymous_0)
FNDA:26,(anonymous_1)
FNDA:0,handleResize
FNDA:26,(anonymous_3)
FNDA:26,(anonymous_4)
FNDA:116,(anonymous_5)
FNDA:2,(anonymous_6)
FNDA:0,(anonymous_7)
FNDA:0,(anonymous_8)
FNDA:0,(anonymous_9)
FNDA:28,(anonymous_10)
FNDA:0,(anonymous_11)
FNDA:0,firstValidation
FNDA:0,(anonymous_13)
FNDA:0,(anonymous_14)
FNDA:0,(anonymous_15)
FNDA:0,(anonymous_16)
FNDA:0,checkLength
FNDA:0,(anonymous_18)
DA:11,4
DA:13,59
DA:14,58
DA:15,58
DA:17,0
DA:19,26
DA:20,26
DA:23,58
DA:24,26
DA:25,0
DA:27,26
DA:28,26
DA:30,0
DA:31,0
DA:40,58
DA:41,116
DA:42,2
DA:43,2
DA:45,58
DA:46,58
DA:48,0
DA:50,58
DA:52,58
DA:53,58
DA:54,28
DA:60,58
DA:61,58
DA:64,0
DA:66,0
DA:67,0
DA:69,0
DA:76,0
DA:79,0
DA:80,0
DA:81,0
DA:82,0
DA:83,0
DA:86,0
DA:87,0
DA:88,0
DA:89,0
DA:90,0
DA:94,0
DA:97,0
DA:98,0
DA:99,0
DA:100,0
DA:103,0
DA:104,0
DA:105,0
DA:106,0
DA:107,0
DA:110,0
DA:117,0
DA:118,0
DA:119,0
DA:121,0
DA:122,0
DA:124,0
DA:125,0
DA:128,0
DA:130,58
DA:131,58
DA:132,58
LF:64
LH:25
BRDA:24,0,0,0
BRDA:24,0,1,26
BRDA:27,1,0,26
BRDA:27,1,1,0
BRDA:27,2,0,26
BRDA:27,2,1,26
BRDA:30,3,0,0
BRDA:30,3,1,0
BRDA:66,4,0,0
BRDA:66,4,1,0
BRDA:79,5,0,0
BRDA:79,5,1,0
BRDA:86,6,0,0
BRDA:86,6,1,0
BRDA:94,7,0,0
BRDA:94,7,1,0
BRDA:103,8,0,0
BRDA:103,8,1,0
BRDA:118,9,0,0
BRDA:118,9,1,0
BRDA:121,10,0,0
BRDA:121,10,1,0
BRDA:124,11,0,0
BRDA:124,11,1,0
BRDA:131,12,0,0
BRDA:131,12,1,0
BRDA:141,13,0,58
BRDA:141,13,1,0
BRDA:143,14,0,58
BRDA:143,14,1,58
BRDA:146,15,0,58
BRDA:146,15,1,0
BRF:32
BRH:8
end_of_record
TN:
SF:src\components\organisms\Products\Products.jsx
FN:8,(anonymous_0)
FN:10,(anonymous_1)
FN:11,(anonymous_2)
FN:28,(anonymous_3)
FNF:4
FNH:2
FNDA:67,(anonymous_0)
FNDA:67,(anonymous_1)
FNDA:0,(anonymous_2)
FNDA:0,(anonymous_3)
DA:8,4
DA:9,67
DA:10,67
DA:11,67
DA:13,67
DA:29,0
LF:6
LH:5
BRDA:23,0,0,67
BRDA:23,0,1,0
BRF:2
BRH:1
end_of_record
TN:
SF:src\components\organisms\Register\RegisterForm.jsx
FN:10,(anonymous_0)
FN:13,(anonymous_1)
FN:14,handleResize
FN:18,(anonymous_3)
FN:21,(anonymous_4)
FN:39,(anonymous_5)
FN:39,(anonymous_6)
FN:44,(anonymous_7)
FN:46,(anonymous_8)
FN:48,(anonymous_9)
FN:50,(anonymous_10)
FN:58,(anonymous_11)
FN:70,firstValidation
FN:77,(anonymous_13)
FN:84,(anonymous_14)
FN:93,(anonymous_15)
FN:100,(anonymous_16)
FN:110,(anonymous_17)
FN:117,(anonymous_18)
FN:125,(anonymous_19)
FN:136,checkLength
FN:152,(anonymous_21)
FNF:22
FNH:6
FNDA:24,(anonymous_0)
FNDA:12,(anonymous_1)
FNDA:0,handleResize
FNDA:12,(anonymous_3)
FNDA:12,(anonymous_4)
FNDA:120,(anonymous_5)
FNDA:0,(anonymous_6)
FNDA:0,(anonymous_7)
FNDA:0,(anonymous_8)
FNDA:0,(anonymous_9)
FNDA:12,(anonymous_10)
FNDA:0,(anonymous_11)
FNDA:0,firstValidation
FNDA:0,(anonymous_13)
FNDA:0,(anonymous_14)
FNDA:0,(anonymous_15)
FNDA:0,(anonymous_16)
FNDA:0,(anonymous_17)
FNDA:0,(anonymous_18)
FNDA:0,(anonymous_19)
FNDA:0,checkLength
FNDA:0,(anonymous_21)
DA:10,5
DA:11,24
DA:12,24
DA:13,24
DA:15,0
DA:17,12
DA:18,12
DA:21,24
DA:22,12
DA:23,0
DA:25,12
DA:26,12
DA:28,0
DA:29,0
DA:38,24
DA:39,120
DA:40,0
DA:41,0
DA:43,24
DA:44,24
DA:46,0
DA:48,24
DA:49,24
DA:50,24
DA:51,12
DA:57,24
DA:58,24
DA:60,0
DA:62,0
DA:63,0
DA:65,0
DA:71,0
DA:72,0
DA:74,0
DA:75,0
DA:76,0
DA:77,0
DA:78,0
DA:81,0
DA:82,0
DA:83,0
DA:84,0
DA:85,0
DA:90,0
DA:91,0
DA:92,0
DA:93,0
DA:94,0
DA:97,0
DA:98,0
DA:99,0
DA:100,0
DA:101,0
DA:104,0
DA:108,0
DA:109,0
DA:110,0
DA:111,0
DA:114,0
DA:115,0
DA:116,0
DA:117,0
DA:118,0
DA:121,0
DA:122,0
DA:123,0
DA:124,0
DA:125,0
DA:126,0
DA:127,0
DA:131,0
DA:138,0
DA:139,0
DA:140,0
DA:142,0
DA:143,0
DA:145,0
DA:146,0
DA:149,0
DA:151,24
DA:152,24
DA:153,24
LF:82
LH:23
BRDA:22,0,0,0
BRDA:22,0,1,12
BRDA:25,1,0,12
BRDA:25,1,1,0
BRDA:28,2,0,0
BRDA:28,2,1,0
BRDA:62,3,0,0
BRDA:62,3,1,0
BRDA:71,4,0,0
BRDA:71,4,1,0
BRDA:74,5,0,0
BRDA:74,5,1,0
BRDA:81,6,0,0
BRDA:81,6,1,0
BRDA:90,7,0,0
BRDA:90,7,1,0
BRDA:97,8,0,0
BRDA:97,8,1,0
BRDA:104,9,0,0
BRDA:104,9,1,0
BRDA:114,10,0,0
BRDA:114,10,1,0
BRDA:121,11,0,0
BRDA:121,11,1,0
BRDA:139,12,0,0
BRDA:139,12,1,0
BRDA:142,13,0,0
BRDA:142,13,1,0
BRDA:145,14,0,0
BRDA:145,14,1,0
BRDA:152,15,0,0
BRDA:152,15,1,0
BRDA:164,16,0,24
BRDA:164,16,1,0
BRDA:166,17,0,24
BRDA:166,17,1,24
BRDA:169,18,0,24
BRDA:169,18,1,0
BRDA:172,19,0,24
BRDA:172,19,1,24
BRDA:175,20,0,24
BRDA:175,20,1,0
BRDA:177,21,0,24
BRDA:177,21,1,24
BRDA:181,22,0,24
BRDA:181,22,1,0
BRDA:183,23,0,24
BRDA:183,23,1,24
BRDA:187,24,0,24
BRDA:187,24,1,0
BRF:50
BRH:15
end_of_record
TN:
SF:src\components\pages\Home.jsx
FN:10,(anonymous_0)
FNF:1
FNH:1
FNDA:35,(anonymous_0)
DA:10,4
DA:11,35
LF:2
LH:2
BRF:0
BRH:0
end_of_record
TN:
SF:src\components\pages\Login.jsx
FN:6,(anonymous_0)
FNF:1
FNH:1
FNDA:13,(anonymous_0)
DA:6,4
DA:7,13
LF:2
LH:2
BRF:0
BRH:0
end_of_record
TN:
SF:src\components\pages\Product.jsx
FN:11,(anonymous_0)
FNF:1
FNH:1
FNDA:33,(anonymous_0)
DA:11,4
DA:12,33
LF:2
LH:2
BRF:0
BRH:0
end_of_record
TN:
SF:src\components\pages\SignUp.jsx
FN:6,(anonymous_0)
FNF:1
FNH:1
FNDA:6,(anonymous_0)
DA:6,5
DA:7,6
LF:2
LH:2
BRF:0
BRH:0
end_of_record
